[0.814s] Invoking command in '/home/robot/rg_ws/src/asm_node': PYTHONPATH=/home/robot/rg_ws/build/asm_node/prefix_override:/home/robot/rg_ws/install/asm_node/lib/python3.10/site-packages:${PYTHONPATH} /usr/bin/python3 -W ignore:setup.py install is deprecated setup.py egg_info --egg-base ../../build/asm_node build --build-base /home/robot/rg_ws/build/asm_node/build install --record /home/robot/rg_ws/build/asm_node/install.log --single-version-externally-managed install_data
[1.071s] running egg_info
[1.071s] writing ../../build/asm_node/asm_node.egg-info/PKG-INFO
[1.072s] writing dependency_links to ../../build/asm_node/asm_node.egg-info/dependency_links.txt
[1.072s] writing entry points to ../../build/asm_node/asm_node.egg-info/entry_points.txt
[1.073s] writing requirements to ../../build/asm_node/asm_node.egg-info/requires.txt
[1.073s] writing top-level names to ../../build/asm_node/asm_node.egg-info/top_level.txt
[1.074s] reading manifest file '../../build/asm_node/asm_node.egg-info/SOURCES.txt'
[1.075s] writing manifest file '../../build/asm_node/asm_node.egg-info/SOURCES.txt'
[1.075s] running build
[1.076s] running build_py
[1.076s] copying asm_node/sensor_react.py -> /home/robot/rg_ws/build/asm_node/build/lib/asm_node
[1.076s] running install
[1.076s] running install_lib
[1.077s] copying /home/robot/rg_ws/build/asm_node/build/lib/asm_node/sensor_react.py -> /home/robot/rg_ws/install/asm_node/lib/python3.10/site-packages/asm_node
[1.078s] byte-compiling /home/robot/rg_ws/install/asm_node/lib/python3.10/site-packages/asm_node/sensor_react.py to sensor_react.cpython-310.pyc
[1.078s] running install_data
[1.078s] running install_egg_info
[1.080s] removing '/home/robot/rg_ws/install/asm_node/lib/python3.10/site-packages/asm_node-0.0.0-py3.10.egg-info' (and everything under it)
[1.080s] Copying ../../build/asm_node/asm_node.egg-info to /home/robot/rg_ws/install/asm_node/lib/python3.10/site-packages/asm_node-0.0.0-py3.10.egg-info
[1.081s] running install_scripts
[1.102s] Installing react script to /home/robot/rg_ws/install/asm_node/lib/asm_node
[1.103s] writing list of installed files to '/home/robot/rg_ws/build/asm_node/install.log'
[1.149s] Invoked command in '/home/robot/rg_ws/src/asm_node' returned '0': PYTHONPATH=/home/robot/rg_ws/build/asm_node/prefix_override:/home/robot/rg_ws/install/asm_node/lib/python3.10/site-packages:${PYTHONPATH} /usr/bin/python3 -W ignore:setup.py install is deprecated setup.py egg_info --egg-base ../../build/asm_node build --build-base /home/robot/rg_ws/build/asm_node/build install --record /home/robot/rg_ws/build/asm_node/install.log --single-version-externally-managed install_data
