[0.772s] Invoking command in '/home/robot/rg_ws/src/asm_description': PYTHONPATH=/home/robot/rg_ws/build/asm_description/prefix_override:/home/robot/rg_ws/install/asm_description/lib/python3.10/site-packages:${PYTHONPATH} /usr/bin/python3 -W ignore:setup.py install is deprecated setup.py egg_info --egg-base ../../build/asm_description build --build-base /home/robot/rg_ws/build/asm_description/build install --record /home/robot/rg_ws/build/asm_description/install.log --single-version-externally-managed install_data
[0.983s] running egg_info
[0.984s] writing ../../build/asm_description/asm_description.egg-info/PKG-INFO
[0.984s] writing dependency_links to ../../build/asm_description/asm_description.egg-info/dependency_links.txt
[0.984s] writing entry points to ../../build/asm_description/asm_description.egg-info/entry_points.txt
[0.985s] writing requirements to ../../build/asm_description/asm_description.egg-info/requires.txt
[0.985s] writing top-level names to ../../build/asm_description/asm_description.egg-info/top_level.txt
[0.986s] reading manifest file '../../build/asm_description/asm_description.egg-info/SOURCES.txt'
[0.987s] writing manifest file '../../build/asm_description/asm_description.egg-info/SOURCES.txt'
[0.987s] running build
[0.988s] running build_py
[0.988s] running install
[0.988s] running install_lib
[0.989s] running install_data
[0.990s] running install_egg_info
[0.991s] removing '/home/robot/rg_ws/install/asm_description/lib/python3.10/site-packages/asm_description-0.0.0-py3.10.egg-info' (and everything under it)
[0.992s] Copying ../../build/asm_description/asm_description.egg-info to /home/robot/rg_ws/install/asm_description/lib/python3.10/site-packages/asm_description-0.0.0-py3.10.egg-info
[0.992s] running install_scripts
[1.010s] writing list of installed files to '/home/robot/rg_ws/build/asm_description/install.log'
[1.033s] Invoked command in '/home/robot/rg_ws/src/asm_description' returned '0': PYTHONPATH=/home/robot/rg_ws/build/asm_description/prefix_override:/home/robot/rg_ws/install/asm_description/lib/python3.10/site-packages:${PYTHONPATH} /usr/bin/python3 -W ignore:setup.py install is deprecated setup.py egg_info --egg-base ../../build/asm_description build --build-base /home/robot/rg_ws/build/asm_description/build install --record /home/robot/rg_ws/build/asm_description/install.log --single-version-externally-managed install_data
