[0.875s] Invoking command in '/home/robot/rg_ws/src/asm_node': PYTHONPATH=/home/robot/rg_ws/build/asm_node/prefix_override:/home/robot/rg_ws/install/asm_node/lib/python3.10/site-packages:${PYTHONPATH} /usr/bin/python3 -W ignore:setup.py install is deprecated setup.py egg_info --egg-base ../../build/asm_node build --build-base /home/robot/rg_ws/build/asm_node/build install --record /home/robot/rg_ws/build/asm_node/install.log --single-version-externally-managed install_data
[1.141s] running egg_info
[1.142s] writing ../../build/asm_node/asm_node.egg-info/PKG-INFO
[1.142s] writing dependency_links to ../../build/asm_node/asm_node.egg-info/dependency_links.txt
[1.143s] writing entry points to ../../build/asm_node/asm_node.egg-info/entry_points.txt
[1.143s] writing requirements to ../../build/asm_node/asm_node.egg-info/requires.txt
[1.144s] writing top-level names to ../../build/asm_node/asm_node.egg-info/top_level.txt
[1.146s] reading manifest file '../../build/asm_node/asm_node.egg-info/SOURCES.txt'
[1.146s] writing manifest file '../../build/asm_node/asm_node.egg-info/SOURCES.txt'
[1.147s] running build
[1.147s] running build_py
[1.147s] copying asm_node/sensor_react.py -> /home/robot/rg_ws/build/asm_node/build/lib/asm_node
[1.147s] running install
[1.148s] running install_lib
[1.148s] copying /home/robot/rg_ws/build/asm_node/build/lib/asm_node/sensor_react.py -> /home/robot/rg_ws/install/asm_node/lib/python3.10/site-packages/asm_node
[1.149s] byte-compiling /home/robot/rg_ws/install/asm_node/lib/python3.10/site-packages/asm_node/sensor_react.py to sensor_react.cpython-310.pyc
[1.150s] running install_data
[1.151s] running install_egg_info
[1.152s] removing '/home/robot/rg_ws/install/asm_node/lib/python3.10/site-packages/asm_node-0.0.0-py3.10.egg-info' (and everything under it)
[1.152s] Copying ../../build/asm_node/asm_node.egg-info to /home/robot/rg_ws/install/asm_node/lib/python3.10/site-packages/asm_node-0.0.0-py3.10.egg-info
[1.155s] running install_scripts
[1.176s] Installing react script to /home/robot/rg_ws/install/asm_node/lib/asm_node
[1.177s] writing list of installed files to '/home/robot/rg_ws/build/asm_node/install.log'
[1.214s] Invoked command in '/home/robot/rg_ws/src/asm_node' returned '0': PYTHONPATH=/home/robot/rg_ws/build/asm_node/prefix_override:/home/robot/rg_ws/install/asm_node/lib/python3.10/site-packages:${PYTHONPATH} /usr/bin/python3 -W ignore:setup.py install is deprecated setup.py egg_info --egg-base ../../build/asm_node build --build-base /home/robot/rg_ws/build/asm_node/build install --record /home/robot/rg_ws/build/asm_node/install.log --single-version-externally-managed install_data
