[0.738s] Invoking command in '/home/robot/rg_ws/src/asm_description': PYTHONPATH=/home/robot/rg_ws/build/asm_description/prefix_override:/home/robot/rg_ws/install/asm_description/lib/python3.10/site-packages:${PYTHONPATH} /usr/bin/python3 -W ignore:setup.py install is deprecated setup.py egg_info --egg-base ../../build/asm_description build --build-base /home/robot/rg_ws/build/asm_description/build install --record /home/robot/rg_ws/build/asm_description/install.log --single-version-externally-managed install_data
[0.938s] running egg_info
[0.938s] writing ../../build/asm_description/asm_description.egg-info/PKG-INFO
[0.939s] writing dependency_links to ../../build/asm_description/asm_description.egg-info/dependency_links.txt
[0.939s] writing entry points to ../../build/asm_description/asm_description.egg-info/entry_points.txt
[0.939s] writing requirements to ../../build/asm_description/asm_description.egg-info/requires.txt
[0.940s] writing top-level names to ../../build/asm_description/asm_description.egg-info/top_level.txt
[0.941s] reading manifest file '../../build/asm_description/asm_description.egg-info/SOURCES.txt'
[0.942s] writing manifest file '../../build/asm_description/asm_description.egg-info/SOURCES.txt'
[0.943s] running build
[0.943s] running build_py
[0.943s] running install
[0.943s] running install_lib
[0.944s] running install_data
[0.944s] running install_egg_info
[0.945s] removing '/home/robot/rg_ws/install/asm_description/lib/python3.10/site-packages/asm_description-0.0.0-py3.10.egg-info' (and everything under it)
[0.945s] Copying ../../build/asm_description/asm_description.egg-info to /home/robot/rg_ws/install/asm_description/lib/python3.10/site-packages/asm_description-0.0.0-py3.10.egg-info
[0.946s] running install_scripts
[0.965s] writing list of installed files to '/home/robot/rg_ws/build/asm_description/install.log'
[0.987s] Invoked command in '/home/robot/rg_ws/src/asm_description' returned '0': PYTHONPATH=/home/robot/rg_ws/build/asm_description/prefix_override:/home/robot/rg_ws/install/asm_description/lib/python3.10/site-packages:${PYTHONPATH} /usr/bin/python3 -W ignore:setup.py install is deprecated setup.py egg_info --egg-base ../../build/asm_description build --build-base /home/robot/rg_ws/build/asm_description/build install --record /home/robot/rg_ws/build/asm_description/install.log --single-version-externally-managed install_data
