running egg_info
creating ../../build/asm_description/asm_description.egg-info
writing ../../build/asm_description/asm_description.egg-info/PKG-INFO
writing dependency_links to ../../build/asm_description/asm_description.egg-info/dependency_links.txt
writing entry points to ../../build/asm_description/asm_description.egg-info/entry_points.txt
writing requirements to ../../build/asm_description/asm_description.egg-info/requires.txt
writing top-level names to ../../build/asm_description/asm_description.egg-info/top_level.txt
writing manifest file '../../build/asm_description/asm_description.egg-info/SOURCES.txt'
reading manifest file '../../build/asm_description/asm_description.egg-info/SOURCES.txt'
writing manifest file '../../build/asm_description/asm_description.egg-info/SOURCES.txt'
running build
running build_py
creating /home/robot/rg_ws/build/asm_description/build
creating /home/robot/rg_ws/build/asm_description/build/lib
creating /home/robot/rg_ws/build/asm_description/build/lib/asm_description
copying asm_description/__init__.py -> /home/robot/rg_ws/build/asm_description/build/lib/asm_description
running install
running install_lib
creating /home/robot/rg_ws/install/asm_description/lib/python3.10/site-packages/asm_description
copying /home/robot/rg_ws/build/asm_description/build/lib/asm_description/__init__.py -> /home/robot/rg_ws/install/asm_description/lib/python3.10/site-packages/asm_description
byte-compiling /home/robot/rg_ws/install/asm_description/lib/python3.10/site-packages/asm_description/__init__.py to __init__.cpython-310.pyc
running install_data
creating /home/robot/rg_ws/install/asm_description/share/ament_index
creating /home/robot/rg_ws/install/asm_description/share/ament_index/resource_index
creating /home/robot/rg_ws/install/asm_description/share/ament_index/resource_index/packages
copying resource/asm_description -> /home/robot/rg_ws/install/asm_description/share/ament_index/resource_index/packages
copying package.xml -> /home/robot/rg_ws/install/asm_description/share/asm_description
creating /home/robot/rg_ws/install/asm_description/share/asm_description/models
copying models/vehicle_blue.sdf -> /home/robot/rg_ws/install/asm_description/share/asm_description/models
running install_egg_info
Copying ../../build/asm_description/asm_description.egg-info to /home/robot/rg_ws/install/asm_description/lib/python3.10/site-packages/asm_description-0.0.0-py3.10.egg-info
running install_scripts
writing list of installed files to '/home/robot/rg_ws/build/asm_description/install.log'
