[0.758s] Invoking command in '/home/robot/rg_ws/src/asm_description': PYTHONPATH=/home/robot/rg_ws/build/asm_description/prefix_override:/home/robot/rg_ws/install/asm_description/lib/python3.10/site-packages:${PYTHONPATH} /usr/bin/python3 -W ignore:setup.py install is deprecated setup.py egg_info --egg-base ../../build/asm_description build --build-base /home/robot/rg_ws/build/asm_description/build install --record /home/robot/rg_ws/build/asm_description/install.log --single-version-externally-managed install_data
[0.975s] running egg_info
[0.976s] creating ../../build/asm_description/asm_description.egg-info
[0.976s] writing ../../build/asm_description/asm_description.egg-info/PKG-INFO
[0.976s] writing dependency_links to ../../build/asm_description/asm_description.egg-info/dependency_links.txt
[0.976s] writing entry points to ../../build/asm_description/asm_description.egg-info/entry_points.txt
[0.976s] writing requirements to ../../build/asm_description/asm_description.egg-info/requires.txt
[0.977s] writing top-level names to ../../build/asm_description/asm_description.egg-info/top_level.txt
[0.977s] writing manifest file '../../build/asm_description/asm_description.egg-info/SOURCES.txt'
[0.977s] reading manifest file '../../build/asm_description/asm_description.egg-info/SOURCES.txt'
[0.978s] writing manifest file '../../build/asm_description/asm_description.egg-info/SOURCES.txt'
[0.979s] running build
[0.979s] running build_py
[0.979s] creating /home/robot/rg_ws/build/asm_description/build
[0.979s] creating /home/robot/rg_ws/build/asm_description/build/lib
[0.980s] creating /home/robot/rg_ws/build/asm_description/build/lib/asm_description
[0.980s] copying asm_description/__init__.py -> /home/robot/rg_ws/build/asm_description/build/lib/asm_description
[0.980s] running install
[0.980s] running install_lib
[0.980s] creating /home/robot/rg_ws/install/asm_description/lib/python3.10/site-packages/asm_description
[0.981s] copying /home/robot/rg_ws/build/asm_description/build/lib/asm_description/__init__.py -> /home/robot/rg_ws/install/asm_description/lib/python3.10/site-packages/asm_description
[0.981s] byte-compiling /home/robot/rg_ws/install/asm_description/lib/python3.10/site-packages/asm_description/__init__.py to __init__.cpython-310.pyc
[0.981s] running install_data
[0.981s] creating /home/robot/rg_ws/install/asm_description/share/ament_index
[0.981s] creating /home/robot/rg_ws/install/asm_description/share/ament_index/resource_index
[0.981s] creating /home/robot/rg_ws/install/asm_description/share/ament_index/resource_index/packages
[0.981s] copying resource/asm_description -> /home/robot/rg_ws/install/asm_description/share/ament_index/resource_index/packages
[0.981s] copying package.xml -> /home/robot/rg_ws/install/asm_description/share/asm_description
[0.982s] creating /home/robot/rg_ws/install/asm_description/share/asm_description/models
[0.982s] copying models/vehicle_blue.sdf -> /home/robot/rg_ws/install/asm_description/share/asm_description/models
[0.982s] running install_egg_info
[0.982s] Copying ../../build/asm_description/asm_description.egg-info to /home/robot/rg_ws/install/asm_description/lib/python3.10/site-packages/asm_description-0.0.0-py3.10.egg-info
[0.983s] running install_scripts
[1.001s] writing list of installed files to '/home/robot/rg_ws/build/asm_description/install.log'
[1.032s] Invoked command in '/home/robot/rg_ws/src/asm_description' returned '0': PYTHONPATH=/home/robot/rg_ws/build/asm_description/prefix_override:/home/robot/rg_ws/install/asm_description/lib/python3.10/site-packages:${PYTHONPATH} /usr/bin/python3 -W ignore:setup.py install is deprecated setup.py egg_info --egg-base ../../build/asm_description build --build-base /home/robot/rg_ws/build/asm_description/build install --record /home/robot/rg_ws/build/asm_description/install.log --single-version-externally-managed install_data
