[0.750s] Invoking command in '/home/robot/rg_ws/src/asm_gazebo': AMENT_PREFIX_PATH=/home/robot/rg_ws/install/asm_description:/home/robot/rg_ws/install/asm_node:/home/robot/rg_ws/install/asm_bringup:/home/robot/rg_ws/install/asm_gazebo:/opt/ros/humble PYTHONPATH=/home/robot/rg_ws/build/asm_gazebo/prefix_override:/home/robot/rg_ws/install/asm_gazebo/lib/python3.10/site-packages:/home/robot/rg_ws/install/asm_description/lib/python3.10/site-packages:/home/robot/rg_ws/install/asm_node/lib/python3.10/site-packages:/home/robot/rg_ws/install/asm_bringup/lib/python3.10/site-packages:/home/robot/rg_ws/install/asm_gazebo/lib/python3.10/site-packages:/opt/ros/humble/lib/python3.10/site-packages:/opt/ros/humble/local/lib/python3.10/dist-packages /usr/bin/python3 -W ignore:setup.py install is deprecated setup.py egg_info --egg-base ../../build/asm_gazebo build --build-base /home/robot/rg_ws/build/asm_gazebo/build install --record /home/robot/rg_ws/build/asm_gazebo/install.log --single-version-externally-managed install_data
[1.043s] running egg_info
[1.044s] writing ../../build/asm_gazebo/asm_gazebo.egg-info/PKG-INFO
[1.044s] writing dependency_links to ../../build/asm_gazebo/asm_gazebo.egg-info/dependency_links.txt
[1.045s] writing entry points to ../../build/asm_gazebo/asm_gazebo.egg-info/entry_points.txt
[1.045s] writing requirements to ../../build/asm_gazebo/asm_gazebo.egg-info/requires.txt
[1.045s] writing top-level names to ../../build/asm_gazebo/asm_gazebo.egg-info/top_level.txt
[1.047s] reading manifest file '../../build/asm_gazebo/asm_gazebo.egg-info/SOURCES.txt'
[1.048s] writing manifest file '../../build/asm_gazebo/asm_gazebo.egg-info/SOURCES.txt'
[1.048s] running build
[1.048s] running build_py
[1.049s] running install
[1.049s] running install_lib
[1.050s] running install_data
[1.051s] running install_egg_info
[1.052s] removing '/home/robot/rg_ws/install/asm_gazebo/lib/python3.10/site-packages/asm_gazebo-0.0.0-py3.10.egg-info' (and everything under it)
[1.053s] Copying ../../build/asm_gazebo/asm_gazebo.egg-info to /home/robot/rg_ws/install/asm_gazebo/lib/python3.10/site-packages/asm_gazebo-0.0.0-py3.10.egg-info
[1.054s] running install_scripts
[1.078s] writing list of installed files to '/home/robot/rg_ws/build/asm_gazebo/install.log'
[1.107s] Invoked command in '/home/robot/rg_ws/src/asm_gazebo' returned '0': AMENT_PREFIX_PATH=/home/robot/rg_ws/install/asm_description:/home/robot/rg_ws/install/asm_node:/home/robot/rg_ws/install/asm_bringup:/home/robot/rg_ws/install/asm_gazebo:/opt/ros/humble PYTHONPATH=/home/robot/rg_ws/build/asm_gazebo/prefix_override:/home/robot/rg_ws/install/asm_gazebo/lib/python3.10/site-packages:/home/robot/rg_ws/install/asm_description/lib/python3.10/site-packages:/home/robot/rg_ws/install/asm_node/lib/python3.10/site-packages:/home/robot/rg_ws/install/asm_bringup/lib/python3.10/site-packages:/home/robot/rg_ws/install/asm_gazebo/lib/python3.10/site-packages:/opt/ros/humble/lib/python3.10/site-packages:/opt/ros/humble/local/lib/python3.10/dist-packages /usr/bin/python3 -W ignore:setup.py install is deprecated setup.py egg_info --egg-base ../../build/asm_gazebo build --build-base /home/robot/rg_ws/build/asm_gazebo/build install --record /home/robot/rg_ws/build/asm_gazebo/install.log --single-version-externally-managed install_data
