[0.765s] Invoking command in '/home/robot/rg_ws/src/asm_node': PYTHONPATH=/home/robot/rg_ws/build/asm_node/prefix_override:/home/robot/rg_ws/install/asm_node/lib/python3.10/site-packages:${PYTHONPATH} /usr/bin/python3 -W ignore:setup.py install is deprecated setup.py egg_info --egg-base ../../build/asm_node build --build-base /home/robot/rg_ws/build/asm_node/build install --record /home/robot/rg_ws/build/asm_node/install.log --single-version-externally-managed install_data
[0.991s] running egg_info
[0.991s] writing ../../build/asm_node/asm_node.egg-info/PKG-INFO
[0.992s] writing dependency_links to ../../build/asm_node/asm_node.egg-info/dependency_links.txt
[0.992s] writing entry points to ../../build/asm_node/asm_node.egg-info/entry_points.txt
[0.992s] writing requirements to ../../build/asm_node/asm_node.egg-info/requires.txt
[0.992s] writing top-level names to ../../build/asm_node/asm_node.egg-info/top_level.txt
[0.994s] reading manifest file '../../build/asm_node/asm_node.egg-info/SOURCES.txt'
[0.994s] writing manifest file '../../build/asm_node/asm_node.egg-info/SOURCES.txt'
[0.995s] running build
[0.995s] running build_py
[0.995s] copying asm_node/sensor_react.py -> /home/robot/rg_ws/build/asm_node/build/lib/asm_node
[0.996s] running install
[0.996s] running install_lib
[0.996s] copying /home/robot/rg_ws/build/asm_node/build/lib/asm_node/sensor_react.py -> /home/robot/rg_ws/install/asm_node/lib/python3.10/site-packages/asm_node
[0.997s] byte-compiling /home/robot/rg_ws/install/asm_node/lib/python3.10/site-packages/asm_node/sensor_react.py to sensor_react.cpython-310.pyc
[0.998s] running install_data
[0.998s] running install_egg_info
[0.999s] removing '/home/robot/rg_ws/install/asm_node/lib/python3.10/site-packages/asm_node-0.0.0-py3.10.egg-info' (and everything under it)
[0.999s] Copying ../../build/asm_node/asm_node.egg-info to /home/robot/rg_ws/install/asm_node/lib/python3.10/site-packages/asm_node-0.0.0-py3.10.egg-info
[1.000s] running install_scripts
[1.020s] Installing react script to /home/robot/rg_ws/install/asm_node/lib/asm_node
[1.020s] writing list of installed files to '/home/robot/rg_ws/build/asm_node/install.log'
[1.048s] Invoked command in '/home/robot/rg_ws/src/asm_node' returned '0': PYTHONPATH=/home/robot/rg_ws/build/asm_node/prefix_override:/home/robot/rg_ws/install/asm_node/lib/python3.10/site-packages:${PYTHONPATH} /usr/bin/python3 -W ignore:setup.py install is deprecated setup.py egg_info --egg-base ../../build/asm_node build --build-base /home/robot/rg_ws/build/asm_node/build install --record /home/robot/rg_ws/build/asm_node/install.log --single-version-externally-managed install_data
