running egg_info
creating ../../build/asm_bringup/asm_bringup.egg-info
writing ../../build/asm_bringup/asm_bringup.egg-info/PKG-INFO
writing dependency_links to ../../build/asm_bringup/asm_bringup.egg-info/dependency_links.txt
writing entry points to ../../build/asm_bringup/asm_bringup.egg-info/entry_points.txt
writing requirements to ../../build/asm_bringup/asm_bringup.egg-info/requires.txt
writing top-level names to ../../build/asm_bringup/asm_bringup.egg-info/top_level.txt
writing manifest file '../../build/asm_bringup/asm_bringup.egg-info/SOURCES.txt'
reading manifest file '../../build/asm_bringup/asm_bringup.egg-info/SOURCES.txt'
writing manifest file '../../build/asm_bringup/asm_bringup.egg-info/SOURCES.txt'
running build
running build_py
creating /home/robot/rg_ws/build/asm_bringup/build
creating /home/robot/rg_ws/build/asm_bringup/build/lib
creating /home/robot/rg_ws/build/asm_bringup/build/lib/asm_bringup
copying asm_bringup/__init__.py -> /home/robot/rg_ws/build/asm_bringup/build/lib/asm_bringup
running install
running install_lib
creating /home/robot/rg_ws/install/asm_bringup/lib/python3.10/site-packages/asm_bringup
copying /home/robot/rg_ws/build/asm_bringup/build/lib/asm_bringup/__init__.py -> /home/robot/rg_ws/install/asm_bringup/lib/python3.10/site-packages/asm_bringup
byte-compiling /home/robot/rg_ws/install/asm_bringup/lib/python3.10/site-packages/asm_bringup/__init__.py to __init__.cpython-310.pyc
running install_data
creating /home/robot/rg_ws/install/asm_bringup/share/ament_index
creating /home/robot/rg_ws/install/asm_bringup/share/ament_index/resource_index
creating /home/robot/rg_ws/install/asm_bringup/share/ament_index/resource_index/packages
copying resource/asm_bringup -> /home/robot/rg_ws/install/asm_bringup/share/ament_index/resource_index/packages
copying package.xml -> /home/robot/rg_ws/install/asm_bringup/share/asm_bringup
creating /home/robot/rg_ws/install/asm_bringup/share/asm_bringup/launch
copying launch/display_rviz2.launch.py -> /home/robot/rg_ws/install/asm_bringup/share/asm_bringup/launch
creating /home/robot/rg_ws/install/asm_bringup/share/asm_bringup/config
copying config/ros_gz_example_bridge.yaml -> /home/robot/rg_ws/install/asm_bringup/share/asm_bringup/config
running install_egg_info
Copying ../../build/asm_bringup/asm_bringup.egg-info to /home/robot/rg_ws/install/asm_bringup/lib/python3.10/site-packages/asm_bringup-0.0.0-py3.10.egg-info
running install_scripts
writing list of installed files to '/home/robot/rg_ws/build/asm_bringup/install.log'
