[0.509s] Invoking command in '/home/robot/rg_ws/src/asm_bringup': AMENT_PREFIX_PATH=/home/robot/rg_ws/install/asm_gazebo:/home/robot/rg_ws/install/asm_description:${AMENT_PREFIX_PATH} PYTHONPATH=/home/robot/rg_ws/build/asm_bringup/prefix_override:/home/robot/rg_ws/install/asm_bringup/lib/python3.10/site-packages:/home/robot/rg_ws/install/asm_gazebo/lib/python3.10/site-packages:/home/robot/rg_ws/install/asm_description/lib/python3.10/site-packages:${PYTHONPATH} /usr/bin/python3 -W ignore:setup.py install is deprecated setup.py egg_info --egg-base ../../build/asm_bringup build --build-base /home/robot/rg_ws/build/asm_bringup/build install --record /home/robot/rg_ws/build/asm_bringup/install.log --single-version-externally-managed install_data
[0.713s] running egg_info
[0.713s] creating ../../build/asm_bringup/asm_bringup.egg-info
[0.713s] writing ../../build/asm_bringup/asm_bringup.egg-info/PKG-INFO
[0.714s] writing dependency_links to ../../build/asm_bringup/asm_bringup.egg-info/dependency_links.txt
[0.714s] writing entry points to ../../build/asm_bringup/asm_bringup.egg-info/entry_points.txt
[0.714s] writing requirements to ../../build/asm_bringup/asm_bringup.egg-info/requires.txt
[0.714s] writing top-level names to ../../build/asm_bringup/asm_bringup.egg-info/top_level.txt
[0.714s] writing manifest file '../../build/asm_bringup/asm_bringup.egg-info/SOURCES.txt'
[0.715s] reading manifest file '../../build/asm_bringup/asm_bringup.egg-info/SOURCES.txt'
[0.716s] writing manifest file '../../build/asm_bringup/asm_bringup.egg-info/SOURCES.txt'
[0.716s] running build
[0.716s] running build_py
[0.716s] creating /home/robot/rg_ws/build/asm_bringup/build
[0.716s] creating /home/robot/rg_ws/build/asm_bringup/build/lib
[0.716s] creating /home/robot/rg_ws/build/asm_bringup/build/lib/asm_bringup
[0.717s] copying asm_bringup/__init__.py -> /home/robot/rg_ws/build/asm_bringup/build/lib/asm_bringup
[0.717s] running install
[0.717s] running install_lib
[0.717s] creating /home/robot/rg_ws/install/asm_bringup/lib/python3.10/site-packages/asm_bringup
[0.717s] copying /home/robot/rg_ws/build/asm_bringup/build/lib/asm_bringup/__init__.py -> /home/robot/rg_ws/install/asm_bringup/lib/python3.10/site-packages/asm_bringup
[0.718s] byte-compiling /home/robot/rg_ws/install/asm_bringup/lib/python3.10/site-packages/asm_bringup/__init__.py to __init__.cpython-310.pyc
[0.718s] running install_data
[0.718s] creating /home/robot/rg_ws/install/asm_bringup/share/ament_index
[0.719s] creating /home/robot/rg_ws/install/asm_bringup/share/ament_index/resource_index
[0.719s] creating /home/robot/rg_ws/install/asm_bringup/share/ament_index/resource_index/packages
[0.719s] copying resource/asm_bringup -> /home/robot/rg_ws/install/asm_bringup/share/ament_index/resource_index/packages
[0.719s] copying package.xml -> /home/robot/rg_ws/install/asm_bringup/share/asm_bringup
[0.719s] creating /home/robot/rg_ws/install/asm_bringup/share/asm_bringup/launch
[0.719s] copying launch/display_rviz2.launch.py -> /home/robot/rg_ws/install/asm_bringup/share/asm_bringup/launch
[0.719s] creating /home/robot/rg_ws/install/asm_bringup/share/asm_bringup/config
[0.719s] copying config/ros_gz_example_bridge.yaml -> /home/robot/rg_ws/install/asm_bringup/share/asm_bringup/config
[0.719s] running install_egg_info
[0.720s] Copying ../../build/asm_bringup/asm_bringup.egg-info to /home/robot/rg_ws/install/asm_bringup/lib/python3.10/site-packages/asm_bringup-0.0.0-py3.10.egg-info
[0.721s] running install_scripts
[0.740s] writing list of installed files to '/home/robot/rg_ws/build/asm_bringup/install.log'
[0.759s] Invoked command in '/home/robot/rg_ws/src/asm_bringup' returned '0': AMENT_PREFIX_PATH=/home/robot/rg_ws/install/asm_gazebo:/home/robot/rg_ws/install/asm_description:${AMENT_PREFIX_PATH} PYTHONPATH=/home/robot/rg_ws/build/asm_bringup/prefix_override:/home/robot/rg_ws/install/asm_bringup/lib/python3.10/site-packages:/home/robot/rg_ws/install/asm_gazebo/lib/python3.10/site-packages:/home/robot/rg_ws/install/asm_description/lib/python3.10/site-packages:${PYTHONPATH} /usr/bin/python3 -W ignore:setup.py install is deprecated setup.py egg_info --egg-base ../../build/asm_bringup build --build-base /home/robot/rg_ws/build/asm_bringup/build install --record /home/robot/rg_ws/build/asm_bringup/install.log --single-version-externally-managed install_data
