[0.724s] Invoking command in '/home/robot/rg_ws/src/asm_node': PYTHONPATH=/home/robot/rg_ws/build/asm_node/prefix_override:/home/robot/rg_ws/install/asm_node/lib/python3.10/site-packages:${PYTHONPATH} /usr/bin/python3 -W ignore:setup.py install is deprecated setup.py egg_info --egg-base ../../build/asm_node build --build-base /home/robot/rg_ws/build/asm_node/build install --record /home/robot/rg_ws/build/asm_node/install.log --single-version-externally-managed install_data
[0.933s] running egg_info
[0.933s] writing ../../build/asm_node/asm_node.egg-info/PKG-INFO
[0.934s] writing dependency_links to ../../build/asm_node/asm_node.egg-info/dependency_links.txt
[0.934s] writing entry points to ../../build/asm_node/asm_node.egg-info/entry_points.txt
[0.935s] writing requirements to ../../build/asm_node/asm_node.egg-info/requires.txt
[0.935s] writing top-level names to ../../build/asm_node/asm_node.egg-info/top_level.txt
[0.936s] reading manifest file '../../build/asm_node/asm_node.egg-info/SOURCES.txt'
[0.936s] writing manifest file '../../build/asm_node/asm_node.egg-info/SOURCES.txt'
[0.936s] running build
[0.937s] running build_py
[0.937s] running install
[0.937s] running install_lib
[0.939s] running install_data
[0.939s] running install_egg_info
[0.939s] removing '/home/robot/rg_ws/install/asm_node/lib/python3.10/site-packages/asm_node-0.0.0-py3.10.egg-info' (and everything under it)
[0.940s] Copying ../../build/asm_node/asm_node.egg-info to /home/robot/rg_ws/install/asm_node/lib/python3.10/site-packages/asm_node-0.0.0-py3.10.egg-info
[0.941s] running install_scripts
[0.959s] Installing react script to /home/robot/rg_ws/install/asm_node/lib/asm_node
[0.960s] writing list of installed files to '/home/robot/rg_ws/build/asm_node/install.log'
[0.997s] Invoked command in '/home/robot/rg_ws/src/asm_node' returned '0': PYTHONPATH=/home/robot/rg_ws/build/asm_node/prefix_override:/home/robot/rg_ws/install/asm_node/lib/python3.10/site-packages:${PYTHONPATH} /usr/bin/python3 -W ignore:setup.py install is deprecated setup.py egg_info --egg-base ../../build/asm_node build --build-base /home/robot/rg_ws/build/asm_node/build install --record /home/robot/rg_ws/build/asm_node/install.log --single-version-externally-managed install_data
