[0.977s] Invoking command in '/home/robot/rg_ws/src/asm_node': PYTHONPATH=/home/robot/rg_ws/build/asm_node/prefix_override:/home/robot/rg_ws/install/asm_node/lib/python3.10/site-packages:${PYTHONPATH} /usr/bin/python3 -W ignore:setup.py install is deprecated setup.py egg_info --egg-base ../../build/asm_node build --build-base /home/robot/rg_ws/build/asm_node/build install --record /home/robot/rg_ws/build/asm_node/install.log --single-version-externally-managed install_data
[1.281s] running egg_info
[1.282s] writing ../../build/asm_node/asm_node.egg-info/PKG-INFO
[1.282s] writing dependency_links to ../../build/asm_node/asm_node.egg-info/dependency_links.txt
[1.282s] writing entry points to ../../build/asm_node/asm_node.egg-info/entry_points.txt
[1.283s] writing requirements to ../../build/asm_node/asm_node.egg-info/requires.txt
[1.283s] writing top-level names to ../../build/asm_node/asm_node.egg-info/top_level.txt
[1.285s] reading manifest file '../../build/asm_node/asm_node.egg-info/SOURCES.txt'
[1.286s] writing manifest file '../../build/asm_node/asm_node.egg-info/SOURCES.txt'
[1.286s] running build
[1.286s] running build_py
[1.286s] running install
[1.287s] running install_lib
[1.288s] running install_data
[1.289s] running install_egg_info
[1.290s] removing '/home/robot/rg_ws/install/asm_node/lib/python3.10/site-packages/asm_node-0.0.0-py3.10.egg-info' (and everything under it)
[1.291s] Copying ../../build/asm_node/asm_node.egg-info to /home/robot/rg_ws/install/asm_node/lib/python3.10/site-packages/asm_node-0.0.0-py3.10.egg-info
[1.292s] running install_scripts
[1.323s] writing list of installed files to '/home/robot/rg_ws/build/asm_node/install.log'
[1.355s] Invoked command in '/home/robot/rg_ws/src/asm_node' returned '0': PYTHONPATH=/home/robot/rg_ws/build/asm_node/prefix_override:/home/robot/rg_ws/install/asm_node/lib/python3.10/site-packages:${PYTHONPATH} /usr/bin/python3 -W ignore:setup.py install is deprecated setup.py egg_info --egg-base ../../build/asm_node build --build-base /home/robot/rg_ws/build/asm_node/build install --record /home/robot/rg_ws/build/asm_node/install.log --single-version-externally-managed install_data
