[0.096s] DEBUG:colcon:Command line arguments: ['/usr/bin/colcon', 'build']
[0.096s] DEBUG:colcon:Parsed command line arguments: Namespace(log_base=None, log_level=None, verb_name='build', build_base='build', install_base='install', merge_install=False, symlink_install=False, test_result_base=None, continue_on_error=False, executor='parallel', parallel_workers=8, event_handlers=None, ignore_user_meta=False, metas=['./colcon.meta'], base_paths=['.'], packages_ignore=None, packages_ignore_regex=None, paths=None, packages_up_to=None, packages_up_to_regex=None, packages_above=None, packages_above_and_dependencies=None, packages_above_depth=None, packages_select_by_dep=None, packages_skip_by_dep=None, packages_skip_up_to=None, packages_select_build_failed=False, packages_skip_build_finished=False, packages_select_test_failures=False, packages_skip_test_passed=False, packages_select=None, packages_skip=None, packages_select_regex=None, packages_skip_regex=None, packages_start=None, packages_end=None, allow_overriding=[], cmake_args=None, cmake_target=None, cmake_target_skip_unavailable=False, cmake_clean_cache=False, cmake_clean_first=False, cmake_force_configure=False, ament_cmake_args=None, catkin_cmake_args=None, catkin_skip_building_tests=False, mixin_files=None, mixin=None, verb_parser=<colcon_mixin.mixin.mixin_argument.MixinArgumentDecorator object at 0x7c4cf8b35c00>, verb_extension=<colcon_core.verb.build.BuildVerb object at 0x7c4cf8b35630>, main=<bound method BuildVerb.main of <colcon_core.verb.build.BuildVerb object at 0x7c4cf8b35630>>, mixin_verb=('build',))
[0.244s] Level 1:colcon.colcon_core.package_discovery:discover_packages(colcon_meta) check parameters
[0.244s] Level 1:colcon.colcon_core.package_discovery:discover_packages(recursive) check parameters
[0.244s] Level 1:colcon.colcon_core.package_discovery:discover_packages(ignore) check parameters
[0.244s] Level 1:colcon.colcon_core.package_discovery:discover_packages(path) check parameters
[0.244s] Level 1:colcon.colcon_core.package_discovery:discover_packages(colcon_meta) discover
[0.244s] Level 1:colcon.colcon_core.package_discovery:discover_packages(recursive) discover
[0.244s] INFO:colcon.colcon_core.package_discovery:Crawling recursively for packages in '/home/robot/rg_ws'
[0.244s] Level 1:colcon.colcon_core.package_identification:_identify(.) by extensions ['ignore', 'ignore_ament_install']
[0.244s] Level 1:colcon.colcon_core.package_identification:_identify(.) by extension 'ignore'
[0.244s] Level 1:colcon.colcon_core.package_identification:_identify(.) by extension 'ignore_ament_install'
[0.244s] Level 1:colcon.colcon_core.package_identification:_identify(.) by extensions ['colcon_pkg']
[0.244s] Level 1:colcon.colcon_core.package_identification:_identify(.) by extension 'colcon_pkg'
[0.245s] Level 1:colcon.colcon_core.package_identification:_identify(.) by extensions ['colcon_meta']
[0.245s] Level 1:colcon.colcon_core.package_identification:_identify(.) by extension 'colcon_meta'
[0.245s] Level 1:colcon.colcon_core.package_identification:_identify(.) by extensions ['ros']
[0.245s] Level 1:colcon.colcon_core.package_identification:_identify(.) by extension 'ros'
[0.254s] Level 1:colcon.colcon_core.package_identification:_identify(.) by extensions ['cmake', 'python']
[0.254s] Level 1:colcon.colcon_core.package_identification:_identify(.) by extension 'cmake'
[0.254s] Level 1:colcon.colcon_core.package_identification:_identify(.) by extension 'python'
[0.254s] Level 1:colcon.colcon_core.package_identification:_identify(.) by extensions ['python_setup_py']
[0.254s] Level 1:colcon.colcon_core.package_identification:_identify(.) by extension 'python_setup_py'
[0.254s] Level 1:colcon.colcon_core.package_identification:_identify(build) by extensions ['ignore', 'ignore_ament_install']
[0.254s] Level 1:colcon.colcon_core.package_identification:_identify(build) by extension 'ignore'
[0.254s] Level 1:colcon.colcon_core.package_identification:_identify(build) ignored
[0.254s] Level 1:colcon.colcon_core.package_identification:_identify(install) by extensions ['ignore', 'ignore_ament_install']
[0.255s] Level 1:colcon.colcon_core.package_identification:_identify(install) by extension 'ignore'
[0.255s] Level 1:colcon.colcon_core.package_identification:_identify(install) ignored
[0.255s] Level 1:colcon.colcon_core.package_identification:_identify(log) by extensions ['ignore', 'ignore_ament_install']
[0.255s] Level 1:colcon.colcon_core.package_identification:_identify(log) by extension 'ignore'
[0.255s] Level 1:colcon.colcon_core.package_identification:_identify(log) ignored
[0.255s] Level 1:colcon.colcon_core.package_identification:_identify(src) by extensions ['ignore', 'ignore_ament_install']
[0.255s] Level 1:colcon.colcon_core.package_identification:_identify(src) by extension 'ignore'
[0.255s] Level 1:colcon.colcon_core.package_identification:_identify(src) by extension 'ignore_ament_install'
[0.255s] Level 1:colcon.colcon_core.package_identification:_identify(src) by extensions ['colcon_pkg']
[0.255s] Level 1:colcon.colcon_core.package_identification:_identify(src) by extension 'colcon_pkg'
[0.255s] Level 1:colcon.colcon_core.package_identification:_identify(src) by extensions ['colcon_meta']
[0.255s] Level 1:colcon.colcon_core.package_identification:_identify(src) by extension 'colcon_meta'
[0.255s] Level 1:colcon.colcon_core.package_identification:_identify(src) by extensions ['ros']
[0.255s] Level 1:colcon.colcon_core.package_identification:_identify(src) by extension 'ros'
[0.256s] Level 1:colcon.colcon_core.package_identification:_identify(src) by extensions ['cmake', 'python']
[0.256s] Level 1:colcon.colcon_core.package_identification:_identify(src) by extension 'cmake'
[0.256s] Level 1:colcon.colcon_core.package_identification:_identify(src) by extension 'python'
[0.256s] Level 1:colcon.colcon_core.package_identification:_identify(src) by extensions ['python_setup_py']
[0.256s] Level 1:colcon.colcon_core.package_identification:_identify(src) by extension 'python_setup_py'
[0.256s] Level 1:colcon.colcon_core.package_identification:_identify(src/asm_bringup) by extensions ['ignore', 'ignore_ament_install']
[0.256s] Level 1:colcon.colcon_core.package_identification:_identify(src/asm_bringup) by extension 'ignore'
[0.256s] Level 1:colcon.colcon_core.package_identification:_identify(src/asm_bringup) by extension 'ignore_ament_install'
[0.256s] Level 1:colcon.colcon_core.package_identification:_identify(src/asm_bringup) by extensions ['colcon_pkg']
[0.256s] Level 1:colcon.colcon_core.package_identification:_identify(src/asm_bringup) by extension 'colcon_pkg'
[0.256s] Level 1:colcon.colcon_core.package_identification:_identify(src/asm_bringup) by extensions ['colcon_meta']
[0.256s] Level 1:colcon.colcon_core.package_identification:_identify(src/asm_bringup) by extension 'colcon_meta'
[0.256s] Level 1:colcon.colcon_core.package_identification:_identify(src/asm_bringup) by extensions ['ros']
[0.256s] Level 1:colcon.colcon_core.package_identification:_identify(src/asm_bringup) by extension 'ros'
[0.259s] DEBUG:colcon.colcon_core.package_identification:Package 'src/asm_bringup' with type 'ros.ament_python' and name 'asm_bringup'
[0.259s] Level 1:colcon.colcon_core.package_identification:_identify(src/asm_description) by extensions ['ignore', 'ignore_ament_install']
[0.259s] Level 1:colcon.colcon_core.package_identification:_identify(src/asm_description) by extension 'ignore'
[0.259s] Level 1:colcon.colcon_core.package_identification:_identify(src/asm_description) by extension 'ignore_ament_install'
[0.259s] Level 1:colcon.colcon_core.package_identification:_identify(src/asm_description) by extensions ['colcon_pkg']
[0.259s] Level 1:colcon.colcon_core.package_identification:_identify(src/asm_description) by extension 'colcon_pkg'
[0.259s] Level 1:colcon.colcon_core.package_identification:_identify(src/asm_description) by extensions ['colcon_meta']
[0.259s] Level 1:colcon.colcon_core.package_identification:_identify(src/asm_description) by extension 'colcon_meta'
[0.259s] Level 1:colcon.colcon_core.package_identification:_identify(src/asm_description) by extensions ['ros']
[0.259s] Level 1:colcon.colcon_core.package_identification:_identify(src/asm_description) by extension 'ros'
[0.260s] DEBUG:colcon.colcon_core.package_identification:Package 'src/asm_description' with type 'ros.ament_python' and name 'asm_description'
[0.260s] Level 1:colcon.colcon_core.package_identification:_identify(src/asm_gazebo) by extensions ['ignore', 'ignore_ament_install']
[0.260s] Level 1:colcon.colcon_core.package_identification:_identify(src/asm_gazebo) by extension 'ignore'
[0.260s] Level 1:colcon.colcon_core.package_identification:_identify(src/asm_gazebo) by extension 'ignore_ament_install'
[0.260s] Level 1:colcon.colcon_core.package_identification:_identify(src/asm_gazebo) by extensions ['colcon_pkg']
[0.260s] Level 1:colcon.colcon_core.package_identification:_identify(src/asm_gazebo) by extension 'colcon_pkg'
[0.260s] Level 1:colcon.colcon_core.package_identification:_identify(src/asm_gazebo) by extensions ['colcon_meta']
[0.260s] Level 1:colcon.colcon_core.package_identification:_identify(src/asm_gazebo) by extension 'colcon_meta'
[0.260s] Level 1:colcon.colcon_core.package_identification:_identify(src/asm_gazebo) by extensions ['ros']
[0.260s] Level 1:colcon.colcon_core.package_identification:_identify(src/asm_gazebo) by extension 'ros'
[0.261s] DEBUG:colcon.colcon_core.package_identification:Package 'src/asm_gazebo' with type 'ros.ament_python' and name 'asm_gazebo'
[0.261s] Level 1:colcon.colcon_core.package_identification:_identify(src/asm_node) by extensions ['ignore', 'ignore_ament_install']
[0.261s] Level 1:colcon.colcon_core.package_identification:_identify(src/asm_node) by extension 'ignore'
[0.261s] Level 1:colcon.colcon_core.package_identification:_identify(src/asm_node) by extension 'ignore_ament_install'
[0.261s] Level 1:colcon.colcon_core.package_identification:_identify(src/asm_node) by extensions ['colcon_pkg']
[0.261s] Level 1:colcon.colcon_core.package_identification:_identify(src/asm_node) by extension 'colcon_pkg'
[0.261s] Level 1:colcon.colcon_core.package_identification:_identify(src/asm_node) by extensions ['colcon_meta']
[0.261s] Level 1:colcon.colcon_core.package_identification:_identify(src/asm_node) by extension 'colcon_meta'
[0.261s] Level 1:colcon.colcon_core.package_identification:_identify(src/asm_node) by extensions ['ros']
[0.261s] Level 1:colcon.colcon_core.package_identification:_identify(src/asm_node) by extension 'ros'
[0.261s] DEBUG:colcon.colcon_core.package_identification:Package 'src/asm_node' with type 'ros.ament_python' and name 'asm_node'
[0.262s] Level 1:colcon.colcon_core.package_discovery:discover_packages(recursive) using defaults
[0.262s] Level 1:colcon.colcon_core.package_discovery:discover_packages(ignore) discover
[0.262s] Level 1:colcon.colcon_core.package_discovery:discover_packages(ignore) using defaults
[0.262s] Level 1:colcon.colcon_core.package_discovery:discover_packages(path) discover
[0.262s] Level 1:colcon.colcon_core.package_discovery:discover_packages(path) using defaults
[0.286s] Level 1:colcon.colcon_core.package_discovery:discover_packages(prefix_path) check parameters
[0.286s] Level 1:colcon.colcon_core.package_discovery:discover_packages(prefix_path) discover
[0.288s] DEBUG:colcon.colcon_installed_package_information.package_discovery:Found 4 installed packages in /home/robot/rg_ws/install
[0.289s] DEBUG:colcon.colcon_installed_package_information.package_discovery:Found 298 installed packages in /opt/ros/humble
[0.290s] Level 1:colcon.colcon_core.package_discovery:discover_packages(prefix_path) using defaults
[0.325s] Level 5:colcon.colcon_core.verb:set package 'asm_description' build argument 'cmake_args' from command line to 'None'
[0.325s] Level 5:colcon.colcon_core.verb:set package 'asm_description' build argument 'cmake_target' from command line to 'None'
[0.325s] Level 5:colcon.colcon_core.verb:set package 'asm_description' build argument 'cmake_target_skip_unavailable' from command line to 'False'
[0.325s] Level 5:colcon.colcon_core.verb:set package 'asm_description' build argument 'cmake_clean_cache' from command line to 'False'
[0.326s] Level 5:colcon.colcon_core.verb:set package 'asm_description' build argument 'cmake_clean_first' from command line to 'False'
[0.326s] Level 5:colcon.colcon_core.verb:set package 'asm_description' build argument 'cmake_force_configure' from command line to 'False'
[0.326s] Level 5:colcon.colcon_core.verb:set package 'asm_description' build argument 'ament_cmake_args' from command line to 'None'
[0.326s] Level 5:colcon.colcon_core.verb:set package 'asm_description' build argument 'catkin_cmake_args' from command line to 'None'
[0.326s] Level 5:colcon.colcon_core.verb:set package 'asm_description' build argument 'catkin_skip_building_tests' from command line to 'False'
[0.326s] DEBUG:colcon.colcon_core.verb:Building package 'asm_description' with the following arguments: {'ament_cmake_args': None, 'build_base': '/home/robot/rg_ws/build/asm_description', 'catkin_cmake_args': None, 'catkin_skip_building_tests': False, 'cmake_args': None, 'cmake_clean_cache': False, 'cmake_clean_first': False, 'cmake_force_configure': False, 'cmake_target': None, 'cmake_target_skip_unavailable': False, 'install_base': '/home/robot/rg_ws/install/asm_description', 'merge_install': False, 'path': '/home/robot/rg_ws/src/asm_description', 'symlink_install': False, 'test_result_base': None}
[0.326s] Level 5:colcon.colcon_core.verb:set package 'asm_node' build argument 'cmake_args' from command line to 'None'
[0.326s] Level 5:colcon.colcon_core.verb:set package 'asm_node' build argument 'cmake_target' from command line to 'None'
[0.326s] Level 5:colcon.colcon_core.verb:set package 'asm_node' build argument 'cmake_target_skip_unavailable' from command line to 'False'
[0.326s] Level 5:colcon.colcon_core.verb:set package 'asm_node' build argument 'cmake_clean_cache' from command line to 'False'
[0.326s] Level 5:colcon.colcon_core.verb:set package 'asm_node' build argument 'cmake_clean_first' from command line to 'False'
[0.326s] Level 5:colcon.colcon_core.verb:set package 'asm_node' build argument 'cmake_force_configure' from command line to 'False'
[0.326s] Level 5:colcon.colcon_core.verb:set package 'asm_node' build argument 'ament_cmake_args' from command line to 'None'
[0.326s] Level 5:colcon.colcon_core.verb:set package 'asm_node' build argument 'catkin_cmake_args' from command line to 'None'
[0.326s] Level 5:colcon.colcon_core.verb:set package 'asm_node' build argument 'catkin_skip_building_tests' from command line to 'False'
[0.326s] DEBUG:colcon.colcon_core.verb:Building package 'asm_node' with the following arguments: {'ament_cmake_args': None, 'build_base': '/home/robot/rg_ws/build/asm_node', 'catkin_cmake_args': None, 'catkin_skip_building_tests': False, 'cmake_args': None, 'cmake_clean_cache': False, 'cmake_clean_first': False, 'cmake_force_configure': False, 'cmake_target': None, 'cmake_target_skip_unavailable': False, 'install_base': '/home/robot/rg_ws/install/asm_node', 'merge_install': False, 'path': '/home/robot/rg_ws/src/asm_node', 'symlink_install': False, 'test_result_base': None}
[0.327s] Level 5:colcon.colcon_core.verb:set package 'asm_gazebo' build argument 'cmake_args' from command line to 'None'
[0.327s] Level 5:colcon.colcon_core.verb:set package 'asm_gazebo' build argument 'cmake_target' from command line to 'None'
[0.327s] Level 5:colcon.colcon_core.verb:set package 'asm_gazebo' build argument 'cmake_target_skip_unavailable' from command line to 'False'
[0.327s] Level 5:colcon.colcon_core.verb:set package 'asm_gazebo' build argument 'cmake_clean_cache' from command line to 'False'
[0.327s] Level 5:colcon.colcon_core.verb:set package 'asm_gazebo' build argument 'cmake_clean_first' from command line to 'False'
[0.327s] Level 5:colcon.colcon_core.verb:set package 'asm_gazebo' build argument 'cmake_force_configure' from command line to 'False'
[0.327s] Level 5:colcon.colcon_core.verb:set package 'asm_gazebo' build argument 'ament_cmake_args' from command line to 'None'
[0.327s] Level 5:colcon.colcon_core.verb:set package 'asm_gazebo' build argument 'catkin_cmake_args' from command line to 'None'
[0.327s] Level 5:colcon.colcon_core.verb:set package 'asm_gazebo' build argument 'catkin_skip_building_tests' from command line to 'False'
[0.327s] DEBUG:colcon.colcon_core.verb:Building package 'asm_gazebo' with the following arguments: {'ament_cmake_args': None, 'build_base': '/home/robot/rg_ws/build/asm_gazebo', 'catkin_cmake_args': None, 'catkin_skip_building_tests': False, 'cmake_args': None, 'cmake_clean_cache': False, 'cmake_clean_first': False, 'cmake_force_configure': False, 'cmake_target': None, 'cmake_target_skip_unavailable': False, 'install_base': '/home/robot/rg_ws/install/asm_gazebo', 'merge_install': False, 'path': '/home/robot/rg_ws/src/asm_gazebo', 'symlink_install': False, 'test_result_base': None}
[0.327s] Level 5:colcon.colcon_core.verb:set package 'asm_bringup' build argument 'cmake_args' from command line to 'None'
[0.327s] Level 5:colcon.colcon_core.verb:set package 'asm_bringup' build argument 'cmake_target' from command line to 'None'
[0.327s] Level 5:colcon.colcon_core.verb:set package 'asm_bringup' build argument 'cmake_target_skip_unavailable' from command line to 'False'
[0.327s] Level 5:colcon.colcon_core.verb:set package 'asm_bringup' build argument 'cmake_clean_cache' from command line to 'False'
[0.328s] Level 5:colcon.colcon_core.verb:set package 'asm_bringup' build argument 'cmake_clean_first' from command line to 'False'
[0.328s] Level 5:colcon.colcon_core.verb:set package 'asm_bringup' build argument 'cmake_force_configure' from command line to 'False'
[0.328s] Level 5:colcon.colcon_core.verb:set package 'asm_bringup' build argument 'ament_cmake_args' from command line to 'None'
[0.328s] Level 5:colcon.colcon_core.verb:set package 'asm_bringup' build argument 'catkin_cmake_args' from command line to 'None'
[0.328s] Level 5:colcon.colcon_core.verb:set package 'asm_bringup' build argument 'catkin_skip_building_tests' from command line to 'False'
[0.328s] DEBUG:colcon.colcon_core.verb:Building package 'asm_bringup' with the following arguments: {'ament_cmake_args': None, 'build_base': '/home/robot/rg_ws/build/asm_bringup', 'catkin_cmake_args': None, 'catkin_skip_building_tests': False, 'cmake_args': None, 'cmake_clean_cache': False, 'cmake_clean_first': False, 'cmake_force_configure': False, 'cmake_target': None, 'cmake_target_skip_unavailable': False, 'install_base': '/home/robot/rg_ws/install/asm_bringup', 'merge_install': False, 'path': '/home/robot/rg_ws/src/asm_bringup', 'symlink_install': False, 'test_result_base': None}
[0.328s] INFO:colcon.colcon_core.executor:Executing jobs using 'parallel' executor
[0.329s] DEBUG:colcon.colcon_parallel_executor.executor.parallel:run_until_complete
[0.329s] INFO:colcon.colcon_ros.task.ament_python.build:Building ROS package in '/home/robot/rg_ws/src/asm_description' with build type 'ament_python'
[0.329s] Level 1:colcon.colcon_core.shell:create_environment_hook('asm_description', 'ament_prefix_path')
[0.331s] INFO:colcon.colcon_core.plugin_system:Skipping extension 'colcon_core.shell.bat': Not used on non-Windows systems
[0.332s] INFO:colcon.colcon_core.shell:Creating environment hook '/home/robot/rg_ws/install/asm_description/share/asm_description/hook/ament_prefix_path.ps1'
[0.332s] INFO:colcon.colcon_core.shell:Creating environment descriptor '/home/robot/rg_ws/install/asm_description/share/asm_description/hook/ament_prefix_path.dsv'
[0.333s] INFO:colcon.colcon_core.shell:Creating environment hook '/home/robot/rg_ws/install/asm_description/share/asm_description/hook/ament_prefix_path.sh'
[0.334s] INFO:colcon.colcon_core.shell:Skip shell extension 'powershell' for command environment: Not usable outside of PowerShell
[0.334s] DEBUG:colcon.colcon_core.shell:Skip shell extension 'dsv' for command environment
[0.337s] INFO:colcon.colcon_ros.task.ament_python.build:Building ROS package in '/home/robot/rg_ws/src/asm_node' with build type 'ament_python'
[0.337s] Level 1:colcon.colcon_core.shell:create_environment_hook('asm_node', 'ament_prefix_path')
[0.337s] INFO:colcon.colcon_core.shell:Creating environment hook '/home/robot/rg_ws/install/asm_node/share/asm_node/hook/ament_prefix_path.ps1'
[0.338s] INFO:colcon.colcon_core.shell:Creating environment descriptor '/home/robot/rg_ws/install/asm_node/share/asm_node/hook/ament_prefix_path.dsv'
[0.338s] INFO:colcon.colcon_core.shell:Creating environment hook '/home/robot/rg_ws/install/asm_node/share/asm_node/hook/ament_prefix_path.sh'
[0.339s] INFO:colcon.colcon_core.shell:Skip shell extension 'powershell' for command environment: Not usable outside of PowerShell
[0.339s] DEBUG:colcon.colcon_core.shell:Skip shell extension 'dsv' for command environment
[0.565s] INFO:colcon.colcon_core.task.python.build:Building Python package in '/home/robot/rg_ws/src/asm_description'
[0.566s] INFO:colcon.colcon_core.shell:Skip shell extension 'powershell' for command environment: Not usable outside of PowerShell
[0.566s] DEBUG:colcon.colcon_core.shell:Skip shell extension 'dsv' for command environment
[0.794s] INFO:colcon.colcon_core.task.python.build:Building Python package in '/home/robot/rg_ws/src/asm_node'
[0.794s] INFO:colcon.colcon_core.shell:Skip shell extension 'powershell' for command environment: Not usable outside of PowerShell
[0.794s] DEBUG:colcon.colcon_core.shell:Skip shell extension 'dsv' for command environment
[1.092s] DEBUG:colcon.colcon_core.event_handler.log_command:Invoking command in '/home/robot/rg_ws/src/asm_node': PYTHONPATH=/home/robot/rg_ws/build/asm_node/prefix_override:/home/robot/rg_ws/install/asm_node/lib/python3.10/site-packages:${PYTHONPATH} /usr/bin/python3 -W ignore:setup.py install is deprecated setup.py egg_info --egg-base ../../build/asm_node build --build-base /home/robot/rg_ws/build/asm_node/build install --record /home/robot/rg_ws/build/asm_node/install.log --single-version-externally-managed install_data
[1.096s] DEBUG:colcon.colcon_core.event_handler.log_command:Invoking command in '/home/robot/rg_ws/src/asm_description': PYTHONPATH=/home/robot/rg_ws/build/asm_description/prefix_override:/home/robot/rg_ws/install/asm_description/lib/python3.10/site-packages:${PYTHONPATH} /usr/bin/python3 -W ignore:setup.py install is deprecated setup.py egg_info --egg-base ../../build/asm_description build --build-base /home/robot/rg_ws/build/asm_description/build install --record /home/robot/rg_ws/build/asm_description/install.log --single-version-externally-managed install_data
[1.352s] DEBUG:colcon.colcon_core.event_handler.log_command:Invoked command in '/home/robot/rg_ws/src/asm_description' returned '0': PYTHONPATH=/home/robot/rg_ws/build/asm_description/prefix_override:/home/robot/rg_ws/install/asm_description/lib/python3.10/site-packages:${PYTHONPATH} /usr/bin/python3 -W ignore:setup.py install is deprecated setup.py egg_info --egg-base ../../build/asm_description build --build-base /home/robot/rg_ws/build/asm_description/build install --record /home/robot/rg_ws/build/asm_description/install.log --single-version-externally-managed install_data
[1.354s] Level 1:colcon.colcon_core.environment:checking '/home/robot/rg_ws/install/asm_description' for CMake module files
[1.354s] Level 1:colcon.colcon_core.environment:checking '/home/robot/rg_ws/install/asm_description' for CMake config files
[1.355s] Level 1:colcon.colcon_core.environment:checking '/home/robot/rg_ws/install/asm_description/lib'
[1.355s] Level 1:colcon.colcon_core.environment:checking '/home/robot/rg_ws/install/asm_description/bin'
[1.355s] Level 1:colcon.colcon_core.environment:checking '/home/robot/rg_ws/install/asm_description/lib/pkgconfig/asm_description.pc'
[1.355s] Level 1:colcon.colcon_core.environment:checking '/home/robot/rg_ws/install/asm_description/lib/python3.10/site-packages'
[1.355s] Level 1:colcon.colcon_core.shell:create_environment_hook('asm_description', 'pythonpath')
[1.356s] INFO:colcon.colcon_core.shell:Creating environment hook '/home/robot/rg_ws/install/asm_description/share/asm_description/hook/pythonpath.ps1'
[1.356s] INFO:colcon.colcon_core.shell:Creating environment descriptor '/home/robot/rg_ws/install/asm_description/share/asm_description/hook/pythonpath.dsv'
[1.356s] INFO:colcon.colcon_core.shell:Creating environment hook '/home/robot/rg_ws/install/asm_description/share/asm_description/hook/pythonpath.sh'
[1.357s] Level 1:colcon.colcon_core.environment:checking '/home/robot/rg_ws/install/asm_description/bin'
[1.357s] Level 1:colcon.colcon_core.environment:create_environment_scripts_only(asm_description)
[1.357s] INFO:colcon.colcon_core.shell:Creating package script '/home/robot/rg_ws/install/asm_description/share/asm_description/package.ps1'
[1.358s] INFO:colcon.colcon_core.shell:Creating package descriptor '/home/robot/rg_ws/install/asm_description/share/asm_description/package.dsv'
[1.359s] INFO:colcon.colcon_core.shell:Creating package script '/home/robot/rg_ws/install/asm_description/share/asm_description/package.sh'
[1.359s] INFO:colcon.colcon_core.shell:Creating package script '/home/robot/rg_ws/install/asm_description/share/asm_description/package.bash'
[1.360s] INFO:colcon.colcon_core.shell:Creating package script '/home/robot/rg_ws/install/asm_description/share/asm_description/package.zsh'
[1.361s] Level 1:colcon.colcon_core.environment:create_file_with_runtime_dependencies(/home/robot/rg_ws/install/asm_description/share/colcon-core/packages/asm_description)
[1.362s] INFO:colcon.colcon_ros.task.ament_python.build:Building ROS package in '/home/robot/rg_ws/src/asm_gazebo' with build type 'ament_python'
[1.362s] Level 1:colcon.colcon_core.shell:create_environment_hook('asm_gazebo', 'ament_prefix_path')
[1.362s] INFO:colcon.colcon_core.shell:Creating environment hook '/home/robot/rg_ws/install/asm_gazebo/share/asm_gazebo/hook/ament_prefix_path.ps1'
[1.363s] INFO:colcon.colcon_core.shell:Creating environment descriptor '/home/robot/rg_ws/install/asm_gazebo/share/asm_gazebo/hook/ament_prefix_path.dsv'
[1.364s] INFO:colcon.colcon_core.shell:Creating environment hook '/home/robot/rg_ws/install/asm_gazebo/share/asm_gazebo/hook/ament_prefix_path.sh'
[1.364s] INFO:colcon.colcon_core.shell:Skip shell extension 'powershell' for command environment: Not usable outside of PowerShell
[1.364s] DEBUG:colcon.colcon_core.shell:Skip shell extension 'dsv' for command environment
[1.368s] Level 1:colcon.colcon_core.environment:checking '/home/robot/rg_ws/install/asm_node' for CMake module files
[1.369s] DEBUG:colcon.colcon_core.event_handler.log_command:Invoked command in '/home/robot/rg_ws/src/asm_node' returned '0': PYTHONPATH=/home/robot/rg_ws/build/asm_node/prefix_override:/home/robot/rg_ws/install/asm_node/lib/python3.10/site-packages:${PYTHONPATH} /usr/bin/python3 -W ignore:setup.py install is deprecated setup.py egg_info --egg-base ../../build/asm_node build --build-base /home/robot/rg_ws/build/asm_node/build install --record /home/robot/rg_ws/build/asm_node/install.log --single-version-externally-managed install_data
[1.369s] Level 1:colcon.colcon_core.environment:checking '/home/robot/rg_ws/install/asm_node' for CMake config files
[1.369s] Level 1:colcon.colcon_core.environment:checking '/home/robot/rg_ws/install/asm_node/lib'
[1.369s] Level 1:colcon.colcon_core.environment:checking '/home/robot/rg_ws/install/asm_node/bin'
[1.370s] Level 1:colcon.colcon_core.environment:checking '/home/robot/rg_ws/install/asm_node/lib/pkgconfig/asm_node.pc'
[1.370s] Level 1:colcon.colcon_core.environment:checking '/home/robot/rg_ws/install/asm_node/lib/python3.10/site-packages'
[1.370s] Level 1:colcon.colcon_core.shell:create_environment_hook('asm_node', 'pythonpath')
[1.370s] INFO:colcon.colcon_core.shell:Creating environment hook '/home/robot/rg_ws/install/asm_node/share/asm_node/hook/pythonpath.ps1'
[1.370s] INFO:colcon.colcon_core.shell:Creating environment descriptor '/home/robot/rg_ws/install/asm_node/share/asm_node/hook/pythonpath.dsv'
[1.371s] INFO:colcon.colcon_core.shell:Creating environment hook '/home/robot/rg_ws/install/asm_node/share/asm_node/hook/pythonpath.sh'
[1.371s] Level 1:colcon.colcon_core.environment:checking '/home/robot/rg_ws/install/asm_node/bin'
[1.371s] Level 1:colcon.colcon_core.environment:create_environment_scripts_only(asm_node)
[1.372s] INFO:colcon.colcon_core.shell:Creating package script '/home/robot/rg_ws/install/asm_node/share/asm_node/package.ps1'
[1.372s] INFO:colcon.colcon_core.shell:Creating package descriptor '/home/robot/rg_ws/install/asm_node/share/asm_node/package.dsv'
[1.373s] INFO:colcon.colcon_core.shell:Creating package script '/home/robot/rg_ws/install/asm_node/share/asm_node/package.sh'
[1.373s] INFO:colcon.colcon_core.shell:Creating package script '/home/robot/rg_ws/install/asm_node/share/asm_node/package.bash'
[1.373s] INFO:colcon.colcon_core.shell:Creating package script '/home/robot/rg_ws/install/asm_node/share/asm_node/package.zsh'
[1.374s] Level 1:colcon.colcon_core.environment:create_file_with_runtime_dependencies(/home/robot/rg_ws/install/asm_node/share/colcon-core/packages/asm_node)
[1.598s] INFO:colcon.colcon_core.task.python.build:Building Python package in '/home/robot/rg_ws/src/asm_gazebo'
[1.599s] INFO:colcon.colcon_core.shell:Skip shell extension 'powershell' for command environment: Not usable outside of PowerShell
[1.599s] DEBUG:colcon.colcon_core.shell:Skip shell extension 'dsv' for command environment
[1.877s] DEBUG:colcon.colcon_core.event_handler.log_command:Invoking command in '/home/robot/rg_ws/src/asm_gazebo': AMENT_PREFIX_PATH=/home/robot/rg_ws/install/asm_description:/home/robot/rg_ws/install/asm_node:/home/robot/rg_ws/install/asm_bringup:/home/robot/rg_ws/install/asm_gazebo:/opt/ros/humble PYTHONPATH=/home/robot/rg_ws/build/asm_gazebo/prefix_override:/home/robot/rg_ws/install/asm_gazebo/lib/python3.10/site-packages:/home/robot/rg_ws/install/asm_description/lib/python3.10/site-packages:/home/robot/rg_ws/install/asm_node/lib/python3.10/site-packages:/home/robot/rg_ws/install/asm_bringup/lib/python3.10/site-packages:/home/robot/rg_ws/install/asm_gazebo/lib/python3.10/site-packages:/opt/ros/humble/lib/python3.10/site-packages:/opt/ros/humble/local/lib/python3.10/dist-packages /usr/bin/python3 -W ignore:setup.py install is deprecated setup.py egg_info --egg-base ../../build/asm_gazebo build --build-base /home/robot/rg_ws/build/asm_gazebo/build install --record /home/robot/rg_ws/build/asm_gazebo/install.log --single-version-externally-managed install_data
[2.127s] Level 1:colcon.colcon_core.environment:checking '/home/robot/rg_ws/install/asm_gazebo' for CMake module files
[2.127s] Level 1:colcon.colcon_core.environment:checking '/home/robot/rg_ws/install/asm_gazebo' for CMake config files
[2.128s] DEBUG:colcon.colcon_core.event_handler.log_command:Invoked command in '/home/robot/rg_ws/src/asm_gazebo' returned '0': AMENT_PREFIX_PATH=/home/robot/rg_ws/install/asm_description:/home/robot/rg_ws/install/asm_node:/home/robot/rg_ws/install/asm_bringup:/home/robot/rg_ws/install/asm_gazebo:/opt/ros/humble PYTHONPATH=/home/robot/rg_ws/build/asm_gazebo/prefix_override:/home/robot/rg_ws/install/asm_gazebo/lib/python3.10/site-packages:/home/robot/rg_ws/install/asm_description/lib/python3.10/site-packages:/home/robot/rg_ws/install/asm_node/lib/python3.10/site-packages:/home/robot/rg_ws/install/asm_bringup/lib/python3.10/site-packages:/home/robot/rg_ws/install/asm_gazebo/lib/python3.10/site-packages:/opt/ros/humble/lib/python3.10/site-packages:/opt/ros/humble/local/lib/python3.10/dist-packages /usr/bin/python3 -W ignore:setup.py install is deprecated setup.py egg_info --egg-base ../../build/asm_gazebo build --build-base /home/robot/rg_ws/build/asm_gazebo/build install --record /home/robot/rg_ws/build/asm_gazebo/install.log --single-version-externally-managed install_data
[2.128s] Level 1:colcon.colcon_core.environment:checking '/home/robot/rg_ws/install/asm_gazebo/lib'
[2.128s] Level 1:colcon.colcon_core.environment:checking '/home/robot/rg_ws/install/asm_gazebo/bin'
[2.128s] Level 1:colcon.colcon_core.environment:checking '/home/robot/rg_ws/install/asm_gazebo/lib/pkgconfig/asm_gazebo.pc'
[2.128s] Level 1:colcon.colcon_core.environment:checking '/home/robot/rg_ws/install/asm_gazebo/lib/python3.10/site-packages'
[2.128s] Level 1:colcon.colcon_core.shell:create_environment_hook('asm_gazebo', 'pythonpath')
[2.129s] INFO:colcon.colcon_core.shell:Creating environment hook '/home/robot/rg_ws/install/asm_gazebo/share/asm_gazebo/hook/pythonpath.ps1'
[2.129s] INFO:colcon.colcon_core.shell:Creating environment descriptor '/home/robot/rg_ws/install/asm_gazebo/share/asm_gazebo/hook/pythonpath.dsv'
[2.129s] INFO:colcon.colcon_core.shell:Creating environment hook '/home/robot/rg_ws/install/asm_gazebo/share/asm_gazebo/hook/pythonpath.sh'
[2.130s] Level 1:colcon.colcon_core.environment:checking '/home/robot/rg_ws/install/asm_gazebo/bin'
[2.130s] Level 1:colcon.colcon_core.environment:create_environment_scripts_only(asm_gazebo)
[2.130s] INFO:colcon.colcon_core.shell:Creating package script '/home/robot/rg_ws/install/asm_gazebo/share/asm_gazebo/package.ps1'
[2.131s] INFO:colcon.colcon_core.shell:Creating package descriptor '/home/robot/rg_ws/install/asm_gazebo/share/asm_gazebo/package.dsv'
[2.132s] INFO:colcon.colcon_core.shell:Creating package script '/home/robot/rg_ws/install/asm_gazebo/share/asm_gazebo/package.sh'
[2.132s] INFO:colcon.colcon_core.shell:Creating package script '/home/robot/rg_ws/install/asm_gazebo/share/asm_gazebo/package.bash'
[2.133s] INFO:colcon.colcon_core.shell:Creating package script '/home/robot/rg_ws/install/asm_gazebo/share/asm_gazebo/package.zsh'
[2.133s] Level 1:colcon.colcon_core.environment:create_file_with_runtime_dependencies(/home/robot/rg_ws/install/asm_gazebo/share/colcon-core/packages/asm_gazebo)
[2.133s] INFO:colcon.colcon_ros.task.ament_python.build:Building ROS package in '/home/robot/rg_ws/src/asm_bringup' with build type 'ament_python'
[2.134s] Level 1:colcon.colcon_core.shell:create_environment_hook('asm_bringup', 'ament_prefix_path')
[2.134s] INFO:colcon.colcon_core.shell:Creating environment hook '/home/robot/rg_ws/install/asm_bringup/share/asm_bringup/hook/ament_prefix_path.ps1'
[2.135s] INFO:colcon.colcon_core.shell:Creating environment descriptor '/home/robot/rg_ws/install/asm_bringup/share/asm_bringup/hook/ament_prefix_path.dsv'
[2.135s] INFO:colcon.colcon_core.shell:Creating environment hook '/home/robot/rg_ws/install/asm_bringup/share/asm_bringup/hook/ament_prefix_path.sh'
[2.136s] INFO:colcon.colcon_core.shell:Skip shell extension 'powershell' for command environment: Not usable outside of PowerShell
[2.136s] DEBUG:colcon.colcon_core.shell:Skip shell extension 'dsv' for command environment
[2.362s] INFO:colcon.colcon_core.task.python.build:Building Python package in '/home/robot/rg_ws/src/asm_bringup'
[2.362s] INFO:colcon.colcon_core.shell:Skip shell extension 'powershell' for command environment: Not usable outside of PowerShell
[2.362s] DEBUG:colcon.colcon_core.shell:Skip shell extension 'dsv' for command environment
[2.651s] DEBUG:colcon.colcon_core.event_handler.log_command:Invoking command in '/home/robot/rg_ws/src/asm_bringup': AMENT_PREFIX_PATH=/home/robot/rg_ws/install/asm_gazebo:/home/robot/rg_ws/install/asm_description:/home/robot/rg_ws/install/asm_node:/home/robot/rg_ws/install/asm_bringup:/opt/ros/humble PYTHONPATH=/home/robot/rg_ws/build/asm_bringup/prefix_override:/home/robot/rg_ws/install/asm_bringup/lib/python3.10/site-packages:/home/robot/rg_ws/install/asm_gazebo/lib/python3.10/site-packages:/home/robot/rg_ws/install/asm_description/lib/python3.10/site-packages:/home/robot/rg_ws/install/asm_node/lib/python3.10/site-packages:/home/robot/rg_ws/install/asm_bringup/lib/python3.10/site-packages:/opt/ros/humble/lib/python3.10/site-packages:/opt/ros/humble/local/lib/python3.10/dist-packages /usr/bin/python3 -W ignore:setup.py install is deprecated setup.py egg_info --egg-base ../../build/asm_bringup build --build-base /home/robot/rg_ws/build/asm_bringup/build install --record /home/robot/rg_ws/build/asm_bringup/install.log --single-version-externally-managed install_data
[2.904s] Level 1:colcon.colcon_core.environment:checking '/home/robot/rg_ws/install/asm_bringup' for CMake module files
[2.905s] DEBUG:colcon.colcon_core.event_handler.log_command:Invoked command in '/home/robot/rg_ws/src/asm_bringup' returned '0': AMENT_PREFIX_PATH=/home/robot/rg_ws/install/asm_gazebo:/home/robot/rg_ws/install/asm_description:/home/robot/rg_ws/install/asm_node:/home/robot/rg_ws/install/asm_bringup:/opt/ros/humble PYTHONPATH=/home/robot/rg_ws/build/asm_bringup/prefix_override:/home/robot/rg_ws/install/asm_bringup/lib/python3.10/site-packages:/home/robot/rg_ws/install/asm_gazebo/lib/python3.10/site-packages:/home/robot/rg_ws/install/asm_description/lib/python3.10/site-packages:/home/robot/rg_ws/install/asm_node/lib/python3.10/site-packages:/home/robot/rg_ws/install/asm_bringup/lib/python3.10/site-packages:/opt/ros/humble/lib/python3.10/site-packages:/opt/ros/humble/local/lib/python3.10/dist-packages /usr/bin/python3 -W ignore:setup.py install is deprecated setup.py egg_info --egg-base ../../build/asm_bringup build --build-base /home/robot/rg_ws/build/asm_bringup/build install --record /home/robot/rg_ws/build/asm_bringup/install.log --single-version-externally-managed install_data
[2.905s] Level 1:colcon.colcon_core.environment:checking '/home/robot/rg_ws/install/asm_bringup' for CMake config files
[2.905s] Level 1:colcon.colcon_core.environment:checking '/home/robot/rg_ws/install/asm_bringup/lib'
[2.905s] Level 1:colcon.colcon_core.environment:checking '/home/robot/rg_ws/install/asm_bringup/bin'
[2.905s] Level 1:colcon.colcon_core.environment:checking '/home/robot/rg_ws/install/asm_bringup/lib/pkgconfig/asm_bringup.pc'
[2.906s] Level 1:colcon.colcon_core.environment:checking '/home/robot/rg_ws/install/asm_bringup/lib/python3.10/site-packages'
[2.906s] Level 1:colcon.colcon_core.shell:create_environment_hook('asm_bringup', 'pythonpath')
[2.906s] INFO:colcon.colcon_core.shell:Creating environment hook '/home/robot/rg_ws/install/asm_bringup/share/asm_bringup/hook/pythonpath.ps1'
[2.906s] INFO:colcon.colcon_core.shell:Creating environment descriptor '/home/robot/rg_ws/install/asm_bringup/share/asm_bringup/hook/pythonpath.dsv'
[2.907s] INFO:colcon.colcon_core.shell:Creating environment hook '/home/robot/rg_ws/install/asm_bringup/share/asm_bringup/hook/pythonpath.sh'
[2.907s] Level 1:colcon.colcon_core.environment:checking '/home/robot/rg_ws/install/asm_bringup/bin'
[2.908s] Level 1:colcon.colcon_core.environment:create_environment_scripts_only(asm_bringup)
[2.908s] INFO:colcon.colcon_core.shell:Creating package script '/home/robot/rg_ws/install/asm_bringup/share/asm_bringup/package.ps1'
[2.908s] INFO:colcon.colcon_core.shell:Creating package descriptor '/home/robot/rg_ws/install/asm_bringup/share/asm_bringup/package.dsv'
[2.909s] INFO:colcon.colcon_core.shell:Creating package script '/home/robot/rg_ws/install/asm_bringup/share/asm_bringup/package.sh'
[2.909s] INFO:colcon.colcon_core.shell:Creating package script '/home/robot/rg_ws/install/asm_bringup/share/asm_bringup/package.bash'
[2.910s] INFO:colcon.colcon_core.shell:Creating package script '/home/robot/rg_ws/install/asm_bringup/share/asm_bringup/package.zsh'
[2.910s] Level 1:colcon.colcon_core.environment:create_file_with_runtime_dependencies(/home/robot/rg_ws/install/asm_bringup/share/colcon-core/packages/asm_bringup)
[2.910s] DEBUG:colcon.colcon_parallel_executor.executor.parallel:closing loop
[2.911s] DEBUG:colcon.colcon_parallel_executor.executor.parallel:loop closed
[2.911s] DEBUG:colcon.colcon_parallel_executor.executor.parallel:run_until_complete finished with '0'
[2.911s] DEBUG:colcon.colcon_core.event_reactor:joining thread
[2.916s] INFO:colcon.colcon_core.plugin_system:Skipping extension 'colcon_notification.desktop_notification.terminal_notifier': Not used on non-Darwin systems
[2.916s] INFO:colcon.colcon_core.plugin_system:Skipping extension 'colcon_notification.desktop_notification.win32': Not used on non-Windows systems
[2.916s] INFO:colcon.colcon_notification.desktop_notification:Sending desktop notification using 'notify2'
[2.926s] DEBUG:colcon.colcon_core.event_reactor:joined thread
[2.927s] INFO:colcon.colcon_core.shell:Creating prefix script '/home/robot/rg_ws/install/local_setup.ps1'
[2.928s] INFO:colcon.colcon_core.shell:Creating prefix util module '/home/robot/rg_ws/install/_local_setup_util_ps1.py'
[2.929s] INFO:colcon.colcon_core.shell:Creating prefix chain script '/home/robot/rg_ws/install/setup.ps1'
[2.930s] INFO:colcon.colcon_core.shell:Creating prefix script '/home/robot/rg_ws/install/local_setup.sh'
[2.931s] INFO:colcon.colcon_core.shell:Creating prefix util module '/home/robot/rg_ws/install/_local_setup_util_sh.py'
[2.931s] INFO:colcon.colcon_core.shell:Creating prefix chain script '/home/robot/rg_ws/install/setup.sh'
[2.932s] INFO:colcon.colcon_core.shell:Creating prefix script '/home/robot/rg_ws/install/local_setup.bash'
[2.933s] INFO:colcon.colcon_core.shell:Creating prefix chain script '/home/robot/rg_ws/install/setup.bash'
[2.934s] INFO:colcon.colcon_core.shell:Creating prefix script '/home/robot/rg_ws/install/local_setup.zsh'
[2.934s] INFO:colcon.colcon_core.shell:Creating prefix chain script '/home/robot/rg_ws/install/setup.zsh'
