[0.730s] Invoking command in '/home/robot/rg_ws/src/asm_node': PYTHONPATH=/home/robot/rg_ws/build/asm_node/prefix_override:/home/robot/rg_ws/install/asm_node/lib/python3.10/site-packages:${PYTHONPATH} /usr/bin/python3 -W ignore:setup.py install is deprecated setup.py egg_info --egg-base ../../build/asm_node build --build-base /home/robot/rg_ws/build/asm_node/build install --record /home/robot/rg_ws/build/asm_node/install.log --single-version-externally-managed install_data
[0.940s] running egg_info
[0.940s] writing ../../build/asm_node/asm_node.egg-info/PKG-INFO
[0.941s] writing dependency_links to ../../build/asm_node/asm_node.egg-info/dependency_links.txt
[0.941s] writing entry points to ../../build/asm_node/asm_node.egg-info/entry_points.txt
[0.944s] writing requirements to ../../build/asm_node/asm_node.egg-info/requires.txt
[0.944s] writing top-level names to ../../build/asm_node/asm_node.egg-info/top_level.txt
[0.944s] reading manifest file '../../build/asm_node/asm_node.egg-info/SOURCES.txt'
[0.945s] writing manifest file '../../build/asm_node/asm_node.egg-info/SOURCES.txt'
[0.945s] running build
[0.945s] running build_py
[0.946s] running install
[0.946s] running install_lib
[0.948s] running install_data
[0.948s] running install_egg_info
[0.950s] removing '/home/robot/rg_ws/install/asm_node/lib/python3.10/site-packages/asm_node-0.0.0-py3.10.egg-info' (and everything under it)
[0.950s] Copying ../../build/asm_node/asm_node.egg-info to /home/robot/rg_ws/install/asm_node/lib/python3.10/site-packages/asm_node-0.0.0-py3.10.egg-info
[0.951s] running install_scripts
[0.969s] Installing react script to /home/robot/rg_ws/install/asm_node/lib/asm_node
[0.969s] writing list of installed files to '/home/robot/rg_ws/build/asm_node/install.log'
[1.006s] Invoked command in '/home/robot/rg_ws/src/asm_node' returned '0': PYTHONPATH=/home/robot/rg_ws/build/asm_node/prefix_override:/home/robot/rg_ws/install/asm_node/lib/python3.10/site-packages:${PYTHONPATH} /usr/bin/python3 -W ignore:setup.py install is deprecated setup.py egg_info --egg-base ../../build/asm_node build --build-base /home/robot/rg_ws/build/asm_node/build install --record /home/robot/rg_ws/build/asm_node/install.log --single-version-externally-managed install_data
