[1.079s] Invoking command in '/home/robot/rg_ws/src/asm_description': PYTHONPATH=/home/robot/rg_ws/build/asm_description/prefix_override:/home/robot/rg_ws/install/asm_description/lib/python3.10/site-packages:${PYTHONPATH} /usr/bin/python3 -W ignore:setup.py install is deprecated setup.py egg_info --egg-base ../../build/asm_description build --build-base /home/robot/rg_ws/build/asm_description/build install --record /home/robot/rg_ws/build/asm_description/install.log --single-version-externally-managed install_data
[1.393s] running egg_info
[1.394s] writing ../../build/asm_description/asm_description.egg-info/PKG-INFO
[1.395s] writing dependency_links to ../../build/asm_description/asm_description.egg-info/dependency_links.txt
[1.396s] writing entry points to ../../build/asm_description/asm_description.egg-info/entry_points.txt
[1.396s] writing requirements to ../../build/asm_description/asm_description.egg-info/requires.txt
[1.397s] writing top-level names to ../../build/asm_description/asm_description.egg-info/top_level.txt
[1.399s] reading manifest file '../../build/asm_description/asm_description.egg-info/SOURCES.txt'
[1.399s] writing manifest file '../../build/asm_description/asm_description.egg-info/SOURCES.txt'
[1.400s] running build
[1.400s] running build_py
[1.400s] running install
[1.401s] running install_lib
[1.401s] running install_data
[1.401s] running install_egg_info
[1.403s] removing '/home/robot/rg_ws/install/asm_description/lib/python3.10/site-packages/asm_description-0.0.0-py3.10.egg-info' (and everything under it)
[1.404s] Copying ../../build/asm_description/asm_description.egg-info to /home/robot/rg_ws/install/asm_description/lib/python3.10/site-packages/asm_description-0.0.0-py3.10.egg-info
[1.404s] running install_scripts
[1.440s] writing list of installed files to '/home/robot/rg_ws/build/asm_description/install.log'
[1.476s] Invoked command in '/home/robot/rg_ws/src/asm_description' returned '0': PYTHONPATH=/home/robot/rg_ws/build/asm_description/prefix_override:/home/robot/rg_ws/install/asm_description/lib/python3.10/site-packages:${PYTHONPATH} /usr/bin/python3 -W ignore:setup.py install is deprecated setup.py egg_info --egg-base ../../build/asm_description build --build-base /home/robot/rg_ws/build/asm_description/build install --record /home/robot/rg_ws/build/asm_description/install.log --single-version-externally-managed install_data
