[0.117s] DEBUG:colcon:Command line arguments: ['/usr/bin/colcon', 'build']
[0.117s] DEBUG:colcon:Parsed command line arguments: Namespace(log_base=None, log_level=None, verb_name='build', build_base='build', install_base='install', merge_install=False, symlink_install=False, test_result_base=None, continue_on_error=False, executor='parallel', parallel_workers=8, event_handlers=None, ignore_user_meta=False, metas=['./colcon.meta'], base_paths=['.'], packages_ignore=None, packages_ignore_regex=None, paths=None, packages_up_to=None, packages_up_to_regex=None, packages_above=None, packages_above_and_dependencies=None, packages_above_depth=None, packages_select_by_dep=None, packages_skip_by_dep=None, packages_skip_up_to=None, packages_select_build_failed=False, packages_skip_build_finished=False, packages_select_test_failures=False, packages_skip_test_passed=False, packages_select=None, packages_skip=None, packages_select_regex=None, packages_skip_regex=None, packages_start=None, packages_end=None, allow_overriding=[], cmake_args=None, cmake_target=None, cmake_target_skip_unavailable=False, cmake_clean_cache=False, cmake_clean_first=False, cmake_force_configure=False, ament_cmake_args=None, catkin_cmake_args=None, catkin_skip_building_tests=False, mixin_files=None, mixin=None, verb_parser=<colcon_mixin.mixin.mixin_argument.MixinArgumentDecorator object at 0x7c6e92c41a80>, verb_extension=<colcon_core.verb.build.BuildVerb object at 0x7c6e92c414b0>, main=<bound method BuildVerb.main of <colcon_core.verb.build.BuildVerb object at 0x7c6e92c414b0>>, mixin_verb=('build',))
[0.304s] Level 1:colcon.colcon_core.package_discovery:discover_packages(colcon_meta) check parameters
[0.304s] Level 1:colcon.colcon_core.package_discovery:discover_packages(recursive) check parameters
[0.304s] Level 1:colcon.colcon_core.package_discovery:discover_packages(ignore) check parameters
[0.304s] Level 1:colcon.colcon_core.package_discovery:discover_packages(path) check parameters
[0.304s] Level 1:colcon.colcon_core.package_discovery:discover_packages(colcon_meta) discover
[0.304s] Level 1:colcon.colcon_core.package_discovery:discover_packages(recursive) discover
[0.304s] INFO:colcon.colcon_core.package_discovery:Crawling recursively for packages in '/home/robot/rg_ws'
[0.304s] Level 1:colcon.colcon_core.package_identification:_identify(.) by extensions ['ignore', 'ignore_ament_install']
[0.304s] Level 1:colcon.colcon_core.package_identification:_identify(.) by extension 'ignore'
[0.305s] Level 1:colcon.colcon_core.package_identification:_identify(.) by extension 'ignore_ament_install'
[0.305s] Level 1:colcon.colcon_core.package_identification:_identify(.) by extensions ['colcon_pkg']
[0.305s] Level 1:colcon.colcon_core.package_identification:_identify(.) by extension 'colcon_pkg'
[0.305s] Level 1:colcon.colcon_core.package_identification:_identify(.) by extensions ['colcon_meta']
[0.305s] Level 1:colcon.colcon_core.package_identification:_identify(.) by extension 'colcon_meta'
[0.305s] Level 1:colcon.colcon_core.package_identification:_identify(.) by extensions ['ros']
[0.305s] Level 1:colcon.colcon_core.package_identification:_identify(.) by extension 'ros'
[0.318s] Level 1:colcon.colcon_core.package_identification:_identify(.) by extensions ['cmake', 'python']
[0.318s] Level 1:colcon.colcon_core.package_identification:_identify(.) by extension 'cmake'
[0.318s] Level 1:colcon.colcon_core.package_identification:_identify(.) by extension 'python'
[0.318s] Level 1:colcon.colcon_core.package_identification:_identify(.) by extensions ['python_setup_py']
[0.318s] Level 1:colcon.colcon_core.package_identification:_identify(.) by extension 'python_setup_py'
[0.318s] Level 1:colcon.colcon_core.package_identification:_identify(build) by extensions ['ignore', 'ignore_ament_install']
[0.318s] Level 1:colcon.colcon_core.package_identification:_identify(build) by extension 'ignore'
[0.318s] Level 1:colcon.colcon_core.package_identification:_identify(build) ignored
[0.318s] Level 1:colcon.colcon_core.package_identification:_identify(install) by extensions ['ignore', 'ignore_ament_install']
[0.319s] Level 1:colcon.colcon_core.package_identification:_identify(install) by extension 'ignore'
[0.319s] Level 1:colcon.colcon_core.package_identification:_identify(install) ignored
[0.319s] Level 1:colcon.colcon_core.package_identification:_identify(log) by extensions ['ignore', 'ignore_ament_install']
[0.319s] Level 1:colcon.colcon_core.package_identification:_identify(log) by extension 'ignore'
[0.319s] Level 1:colcon.colcon_core.package_identification:_identify(log) ignored
[0.319s] Level 1:colcon.colcon_core.package_identification:_identify(src) by extensions ['ignore', 'ignore_ament_install']
[0.319s] Level 1:colcon.colcon_core.package_identification:_identify(src) by extension 'ignore'
[0.319s] Level 1:colcon.colcon_core.package_identification:_identify(src) by extension 'ignore_ament_install'
[0.319s] Level 1:colcon.colcon_core.package_identification:_identify(src) by extensions ['colcon_pkg']
[0.319s] Level 1:colcon.colcon_core.package_identification:_identify(src) by extension 'colcon_pkg'
[0.319s] Level 1:colcon.colcon_core.package_identification:_identify(src) by extensions ['colcon_meta']
[0.319s] Level 1:colcon.colcon_core.package_identification:_identify(src) by extension 'colcon_meta'
[0.319s] Level 1:colcon.colcon_core.package_identification:_identify(src) by extensions ['ros']
[0.319s] Level 1:colcon.colcon_core.package_identification:_identify(src) by extension 'ros'
[0.319s] Level 1:colcon.colcon_core.package_identification:_identify(src) by extensions ['cmake', 'python']
[0.320s] Level 1:colcon.colcon_core.package_identification:_identify(src) by extension 'cmake'
[0.320s] Level 1:colcon.colcon_core.package_identification:_identify(src) by extension 'python'
[0.320s] Level 1:colcon.colcon_core.package_identification:_identify(src) by extensions ['python_setup_py']
[0.320s] Level 1:colcon.colcon_core.package_identification:_identify(src) by extension 'python_setup_py'
[0.320s] Level 1:colcon.colcon_core.package_identification:_identify(src/asm_bringup) by extensions ['ignore', 'ignore_ament_install']
[0.320s] Level 1:colcon.colcon_core.package_identification:_identify(src/asm_bringup) by extension 'ignore'
[0.320s] Level 1:colcon.colcon_core.package_identification:_identify(src/asm_bringup) by extension 'ignore_ament_install'
[0.320s] Level 1:colcon.colcon_core.package_identification:_identify(src/asm_bringup) by extensions ['colcon_pkg']
[0.320s] Level 1:colcon.colcon_core.package_identification:_identify(src/asm_bringup) by extension 'colcon_pkg'
[0.320s] Level 1:colcon.colcon_core.package_identification:_identify(src/asm_bringup) by extensions ['colcon_meta']
[0.320s] Level 1:colcon.colcon_core.package_identification:_identify(src/asm_bringup) by extension 'colcon_meta'
[0.320s] Level 1:colcon.colcon_core.package_identification:_identify(src/asm_bringup) by extensions ['ros']
[0.320s] Level 1:colcon.colcon_core.package_identification:_identify(src/asm_bringup) by extension 'ros'
[0.323s] DEBUG:colcon.colcon_core.package_identification:Package 'src/asm_bringup' with type 'ros.ament_python' and name 'asm_bringup'
[0.323s] Level 1:colcon.colcon_core.package_identification:_identify(src/asm_description) by extensions ['ignore', 'ignore_ament_install']
[0.323s] Level 1:colcon.colcon_core.package_identification:_identify(src/asm_description) by extension 'ignore'
[0.323s] Level 1:colcon.colcon_core.package_identification:_identify(src/asm_description) by extension 'ignore_ament_install'
[0.323s] Level 1:colcon.colcon_core.package_identification:_identify(src/asm_description) by extensions ['colcon_pkg']
[0.323s] Level 1:colcon.colcon_core.package_identification:_identify(src/asm_description) by extension 'colcon_pkg'
[0.324s] Level 1:colcon.colcon_core.package_identification:_identify(src/asm_description) by extensions ['colcon_meta']
[0.324s] Level 1:colcon.colcon_core.package_identification:_identify(src/asm_description) by extension 'colcon_meta'
[0.324s] Level 1:colcon.colcon_core.package_identification:_identify(src/asm_description) by extensions ['ros']
[0.324s] Level 1:colcon.colcon_core.package_identification:_identify(src/asm_description) by extension 'ros'
[0.324s] DEBUG:colcon.colcon_core.package_identification:Package 'src/asm_description' with type 'ros.ament_python' and name 'asm_description'
[0.324s] Level 1:colcon.colcon_core.package_identification:_identify(src/asm_gazebo) by extensions ['ignore', 'ignore_ament_install']
[0.324s] Level 1:colcon.colcon_core.package_identification:_identify(src/asm_gazebo) by extension 'ignore'
[0.325s] Level 1:colcon.colcon_core.package_identification:_identify(src/asm_gazebo) by extension 'ignore_ament_install'
[0.325s] Level 1:colcon.colcon_core.package_identification:_identify(src/asm_gazebo) by extensions ['colcon_pkg']
[0.325s] Level 1:colcon.colcon_core.package_identification:_identify(src/asm_gazebo) by extension 'colcon_pkg'
[0.325s] Level 1:colcon.colcon_core.package_identification:_identify(src/asm_gazebo) by extensions ['colcon_meta']
[0.325s] Level 1:colcon.colcon_core.package_identification:_identify(src/asm_gazebo) by extension 'colcon_meta'
[0.325s] Level 1:colcon.colcon_core.package_identification:_identify(src/asm_gazebo) by extensions ['ros']
[0.325s] Level 1:colcon.colcon_core.package_identification:_identify(src/asm_gazebo) by extension 'ros'
[0.326s] DEBUG:colcon.colcon_core.package_identification:Package 'src/asm_gazebo' with type 'ros.ament_python' and name 'asm_gazebo'
[0.326s] Level 1:colcon.colcon_core.package_identification:_identify(src/asm_node) by extensions ['ignore', 'ignore_ament_install']
[0.326s] Level 1:colcon.colcon_core.package_identification:_identify(src/asm_node) by extension 'ignore'
[0.326s] Level 1:colcon.colcon_core.package_identification:_identify(src/asm_node) by extension 'ignore_ament_install'
[0.326s] Level 1:colcon.colcon_core.package_identification:_identify(src/asm_node) by extensions ['colcon_pkg']
[0.326s] Level 1:colcon.colcon_core.package_identification:_identify(src/asm_node) by extension 'colcon_pkg'
[0.326s] Level 1:colcon.colcon_core.package_identification:_identify(src/asm_node) by extensions ['colcon_meta']
[0.326s] Level 1:colcon.colcon_core.package_identification:_identify(src/asm_node) by extension 'colcon_meta'
[0.326s] Level 1:colcon.colcon_core.package_identification:_identify(src/asm_node) by extensions ['ros']
[0.326s] Level 1:colcon.colcon_core.package_identification:_identify(src/asm_node) by extension 'ros'
[0.327s] DEBUG:colcon.colcon_core.package_identification:Package 'src/asm_node' with type 'ros.ament_python' and name 'asm_node'
[0.327s] Level 1:colcon.colcon_core.package_discovery:discover_packages(recursive) using defaults
[0.327s] Level 1:colcon.colcon_core.package_discovery:discover_packages(ignore) discover
[0.327s] Level 1:colcon.colcon_core.package_discovery:discover_packages(ignore) using defaults
[0.327s] Level 1:colcon.colcon_core.package_discovery:discover_packages(path) discover
[0.327s] Level 1:colcon.colcon_core.package_discovery:discover_packages(path) using defaults
[0.368s] Level 1:colcon.colcon_core.package_discovery:discover_packages(prefix_path) check parameters
[0.368s] Level 1:colcon.colcon_core.package_discovery:discover_packages(prefix_path) discover
[0.370s] DEBUG:colcon.colcon_installed_package_information.package_discovery:Found 4 installed packages in /home/robot/rg_ws/install
[0.371s] DEBUG:colcon.colcon_installed_package_information.package_discovery:Found 297 installed packages in /opt/ros/humble
[0.373s] Level 1:colcon.colcon_core.package_discovery:discover_packages(prefix_path) using defaults
[0.420s] Level 5:colcon.colcon_core.verb:set package 'asm_description' build argument 'cmake_args' from command line to 'None'
[0.420s] Level 5:colcon.colcon_core.verb:set package 'asm_description' build argument 'cmake_target' from command line to 'None'
[0.420s] Level 5:colcon.colcon_core.verb:set package 'asm_description' build argument 'cmake_target_skip_unavailable' from command line to 'False'
[0.421s] Level 5:colcon.colcon_core.verb:set package 'asm_description' build argument 'cmake_clean_cache' from command line to 'False'
[0.421s] Level 5:colcon.colcon_core.verb:set package 'asm_description' build argument 'cmake_clean_first' from command line to 'False'
[0.421s] Level 5:colcon.colcon_core.verb:set package 'asm_description' build argument 'cmake_force_configure' from command line to 'False'
[0.421s] Level 5:colcon.colcon_core.verb:set package 'asm_description' build argument 'ament_cmake_args' from command line to 'None'
[0.421s] Level 5:colcon.colcon_core.verb:set package 'asm_description' build argument 'catkin_cmake_args' from command line to 'None'
[0.421s] Level 5:colcon.colcon_core.verb:set package 'asm_description' build argument 'catkin_skip_building_tests' from command line to 'False'
[0.421s] DEBUG:colcon.colcon_core.verb:Building package 'asm_description' with the following arguments: {'ament_cmake_args': None, 'build_base': '/home/robot/rg_ws/build/asm_description', 'catkin_cmake_args': None, 'catkin_skip_building_tests': False, 'cmake_args': None, 'cmake_clean_cache': False, 'cmake_clean_first': False, 'cmake_force_configure': False, 'cmake_target': None, 'cmake_target_skip_unavailable': False, 'install_base': '/home/robot/rg_ws/install/asm_description', 'merge_install': False, 'path': '/home/robot/rg_ws/src/asm_description', 'symlink_install': False, 'test_result_base': None}
[0.421s] Level 5:colcon.colcon_core.verb:set package 'asm_node' build argument 'cmake_args' from command line to 'None'
[0.421s] Level 5:colcon.colcon_core.verb:set package 'asm_node' build argument 'cmake_target' from command line to 'None'
[0.421s] Level 5:colcon.colcon_core.verb:set package 'asm_node' build argument 'cmake_target_skip_unavailable' from command line to 'False'
[0.421s] Level 5:colcon.colcon_core.verb:set package 'asm_node' build argument 'cmake_clean_cache' from command line to 'False'
[0.421s] Level 5:colcon.colcon_core.verb:set package 'asm_node' build argument 'cmake_clean_first' from command line to 'False'
[0.421s] Level 5:colcon.colcon_core.verb:set package 'asm_node' build argument 'cmake_force_configure' from command line to 'False'
[0.421s] Level 5:colcon.colcon_core.verb:set package 'asm_node' build argument 'ament_cmake_args' from command line to 'None'
[0.421s] Level 5:colcon.colcon_core.verb:set package 'asm_node' build argument 'catkin_cmake_args' from command line to 'None'
[0.422s] Level 5:colcon.colcon_core.verb:set package 'asm_node' build argument 'catkin_skip_building_tests' from command line to 'False'
[0.422s] DEBUG:colcon.colcon_core.verb:Building package 'asm_node' with the following arguments: {'ament_cmake_args': None, 'build_base': '/home/robot/rg_ws/build/asm_node', 'catkin_cmake_args': None, 'catkin_skip_building_tests': False, 'cmake_args': None, 'cmake_clean_cache': False, 'cmake_clean_first': False, 'cmake_force_configure': False, 'cmake_target': None, 'cmake_target_skip_unavailable': False, 'install_base': '/home/robot/rg_ws/install/asm_node', 'merge_install': False, 'path': '/home/robot/rg_ws/src/asm_node', 'symlink_install': False, 'test_result_base': None}
[0.422s] Level 5:colcon.colcon_core.verb:set package 'asm_gazebo' build argument 'cmake_args' from command line to 'None'
[0.422s] Level 5:colcon.colcon_core.verb:set package 'asm_gazebo' build argument 'cmake_target' from command line to 'None'
[0.422s] Level 5:colcon.colcon_core.verb:set package 'asm_gazebo' build argument 'cmake_target_skip_unavailable' from command line to 'False'
[0.422s] Level 5:colcon.colcon_core.verb:set package 'asm_gazebo' build argument 'cmake_clean_cache' from command line to 'False'
[0.422s] Level 5:colcon.colcon_core.verb:set package 'asm_gazebo' build argument 'cmake_clean_first' from command line to 'False'
[0.422s] Level 5:colcon.colcon_core.verb:set package 'asm_gazebo' build argument 'cmake_force_configure' from command line to 'False'
[0.422s] Level 5:colcon.colcon_core.verb:set package 'asm_gazebo' build argument 'ament_cmake_args' from command line to 'None'
[0.422s] Level 5:colcon.colcon_core.verb:set package 'asm_gazebo' build argument 'catkin_cmake_args' from command line to 'None'
[0.422s] Level 5:colcon.colcon_core.verb:set package 'asm_gazebo' build argument 'catkin_skip_building_tests' from command line to 'False'
[0.422s] DEBUG:colcon.colcon_core.verb:Building package 'asm_gazebo' with the following arguments: {'ament_cmake_args': None, 'build_base': '/home/robot/rg_ws/build/asm_gazebo', 'catkin_cmake_args': None, 'catkin_skip_building_tests': False, 'cmake_args': None, 'cmake_clean_cache': False, 'cmake_clean_first': False, 'cmake_force_configure': False, 'cmake_target': None, 'cmake_target_skip_unavailable': False, 'install_base': '/home/robot/rg_ws/install/asm_gazebo', 'merge_install': False, 'path': '/home/robot/rg_ws/src/asm_gazebo', 'symlink_install': False, 'test_result_base': None}
[0.423s] Level 5:colcon.colcon_core.verb:set package 'asm_bringup' build argument 'cmake_args' from command line to 'None'
[0.423s] Level 5:colcon.colcon_core.verb:set package 'asm_bringup' build argument 'cmake_target' from command line to 'None'
[0.423s] Level 5:colcon.colcon_core.verb:set package 'asm_bringup' build argument 'cmake_target_skip_unavailable' from command line to 'False'
[0.423s] Level 5:colcon.colcon_core.verb:set package 'asm_bringup' build argument 'cmake_clean_cache' from command line to 'False'
[0.423s] Level 5:colcon.colcon_core.verb:set package 'asm_bringup' build argument 'cmake_clean_first' from command line to 'False'
[0.423s] Level 5:colcon.colcon_core.verb:set package 'asm_bringup' build argument 'cmake_force_configure' from command line to 'False'
[0.423s] Level 5:colcon.colcon_core.verb:set package 'asm_bringup' build argument 'ament_cmake_args' from command line to 'None'
[0.423s] Level 5:colcon.colcon_core.verb:set package 'asm_bringup' build argument 'catkin_cmake_args' from command line to 'None'
[0.423s] Level 5:colcon.colcon_core.verb:set package 'asm_bringup' build argument 'catkin_skip_building_tests' from command line to 'False'
[0.423s] DEBUG:colcon.colcon_core.verb:Building package 'asm_bringup' with the following arguments: {'ament_cmake_args': None, 'build_base': '/home/robot/rg_ws/build/asm_bringup', 'catkin_cmake_args': None, 'catkin_skip_building_tests': False, 'cmake_args': None, 'cmake_clean_cache': False, 'cmake_clean_first': False, 'cmake_force_configure': False, 'cmake_target': None, 'cmake_target_skip_unavailable': False, 'install_base': '/home/robot/rg_ws/install/asm_bringup', 'merge_install': False, 'path': '/home/robot/rg_ws/src/asm_bringup', 'symlink_install': False, 'test_result_base': None}
[0.423s] INFO:colcon.colcon_core.executor:Executing jobs using 'parallel' executor
[0.425s] DEBUG:colcon.colcon_parallel_executor.executor.parallel:run_until_complete
[0.425s] INFO:colcon.colcon_ros.task.ament_python.build:Building ROS package in '/home/robot/rg_ws/src/asm_description' with build type 'ament_python'
[0.425s] Level 1:colcon.colcon_core.shell:create_environment_hook('asm_description', 'ament_prefix_path')
[0.428s] INFO:colcon.colcon_core.plugin_system:Skipping extension 'colcon_core.shell.bat': Not used on non-Windows systems
[0.428s] INFO:colcon.colcon_core.shell:Creating environment hook '/home/robot/rg_ws/install/asm_description/share/asm_description/hook/ament_prefix_path.ps1'
[0.429s] INFO:colcon.colcon_core.shell:Creating environment descriptor '/home/robot/rg_ws/install/asm_description/share/asm_description/hook/ament_prefix_path.dsv'
[0.430s] INFO:colcon.colcon_core.shell:Creating environment hook '/home/robot/rg_ws/install/asm_description/share/asm_description/hook/ament_prefix_path.sh'
[0.431s] INFO:colcon.colcon_core.shell:Skip shell extension 'powershell' for command environment: Not usable outside of PowerShell
[0.431s] DEBUG:colcon.colcon_core.shell:Skip shell extension 'dsv' for command environment
[0.435s] INFO:colcon.colcon_ros.task.ament_python.build:Building ROS package in '/home/robot/rg_ws/src/asm_node' with build type 'ament_python'
[0.436s] Level 1:colcon.colcon_core.shell:create_environment_hook('asm_node', 'ament_prefix_path')
[0.436s] INFO:colcon.colcon_core.shell:Creating environment hook '/home/robot/rg_ws/install/asm_node/share/asm_node/hook/ament_prefix_path.ps1'
[0.437s] INFO:colcon.colcon_core.shell:Creating environment descriptor '/home/robot/rg_ws/install/asm_node/share/asm_node/hook/ament_prefix_path.dsv'
[0.438s] INFO:colcon.colcon_core.shell:Creating environment hook '/home/robot/rg_ws/install/asm_node/share/asm_node/hook/ament_prefix_path.sh'
[0.439s] INFO:colcon.colcon_core.shell:Skip shell extension 'powershell' for command environment: Not usable outside of PowerShell
[0.439s] DEBUG:colcon.colcon_core.shell:Skip shell extension 'dsv' for command environment
[0.756s] INFO:colcon.colcon_core.task.python.build:Building Python package in '/home/robot/rg_ws/src/asm_description'
[0.757s] INFO:colcon.colcon_core.shell:Skip shell extension 'powershell' for command environment: Not usable outside of PowerShell
[0.757s] DEBUG:colcon.colcon_core.shell:Skip shell extension 'dsv' for command environment
[1.066s] INFO:colcon.colcon_core.task.python.build:Building Python package in '/home/robot/rg_ws/src/asm_node'
[1.066s] INFO:colcon.colcon_core.shell:Skip shell extension 'powershell' for command environment: Not usable outside of PowerShell
[1.066s] DEBUG:colcon.colcon_core.shell:Skip shell extension 'dsv' for command environment
[1.471s] DEBUG:colcon.colcon_core.event_handler.log_command:Invoking command in '/home/robot/rg_ws/src/asm_description': PYTHONPATH=/home/robot/rg_ws/build/asm_description/prefix_override:/home/robot/rg_ws/install/asm_description/lib/python3.10/site-packages:${PYTHONPATH} /usr/bin/python3 -W ignore:setup.py install is deprecated setup.py egg_info --egg-base ../../build/asm_description build --build-base /home/robot/rg_ws/build/asm_description/build install --record /home/robot/rg_ws/build/asm_description/install.log --single-version-externally-managed install_data
[1.476s] DEBUG:colcon.colcon_core.event_handler.log_command:Invoking command in '/home/robot/rg_ws/src/asm_node': PYTHONPATH=/home/robot/rg_ws/build/asm_node/prefix_override:/home/robot/rg_ws/install/asm_node/lib/python3.10/site-packages:${PYTHONPATH} /usr/bin/python3 -W ignore:setup.py install is deprecated setup.py egg_info --egg-base ../../build/asm_node build --build-base /home/robot/rg_ws/build/asm_node/build install --record /home/robot/rg_ws/build/asm_node/install.log --single-version-externally-managed install_data
[1.856s] DEBUG:colcon.colcon_core.event_handler.log_command:Invoked command in '/home/robot/rg_ws/src/asm_node' returned '0': PYTHONPATH=/home/robot/rg_ws/build/asm_node/prefix_override:/home/robot/rg_ws/install/asm_node/lib/python3.10/site-packages:${PYTHONPATH} /usr/bin/python3 -W ignore:setup.py install is deprecated setup.py egg_info --egg-base ../../build/asm_node build --build-base /home/robot/rg_ws/build/asm_node/build install --record /home/robot/rg_ws/build/asm_node/install.log --single-version-externally-managed install_data
[1.859s] Level 1:colcon.colcon_core.environment:checking '/home/robot/rg_ws/install/asm_node' for CMake module files
[1.860s] Level 1:colcon.colcon_core.environment:checking '/home/robot/rg_ws/install/asm_node' for CMake config files
[1.861s] Level 1:colcon.colcon_core.environment:checking '/home/robot/rg_ws/install/asm_node/lib'
[1.861s] Level 1:colcon.colcon_core.environment:checking '/home/robot/rg_ws/install/asm_node/bin'
[1.861s] Level 1:colcon.colcon_core.environment:checking '/home/robot/rg_ws/install/asm_node/lib/pkgconfig/asm_node.pc'
[1.861s] Level 1:colcon.colcon_core.environment:checking '/home/robot/rg_ws/install/asm_node/lib/python3.10/site-packages'
[1.861s] Level 1:colcon.colcon_core.shell:create_environment_hook('asm_node', 'pythonpath')
[1.861s] INFO:colcon.colcon_core.shell:Creating environment hook '/home/robot/rg_ws/install/asm_node/share/asm_node/hook/pythonpath.ps1'
[1.862s] INFO:colcon.colcon_core.shell:Creating environment descriptor '/home/robot/rg_ws/install/asm_node/share/asm_node/hook/pythonpath.dsv'
[1.863s] INFO:colcon.colcon_core.shell:Creating environment hook '/home/robot/rg_ws/install/asm_node/share/asm_node/hook/pythonpath.sh'
[1.863s] Level 1:colcon.colcon_core.environment:checking '/home/robot/rg_ws/install/asm_node/bin'
[1.863s] Level 1:colcon.colcon_core.environment:create_environment_scripts_only(asm_node)
[1.864s] INFO:colcon.colcon_core.shell:Creating package script '/home/robot/rg_ws/install/asm_node/share/asm_node/package.ps1'
[1.865s] INFO:colcon.colcon_core.shell:Creating package descriptor '/home/robot/rg_ws/install/asm_node/share/asm_node/package.dsv'
[1.866s] INFO:colcon.colcon_core.shell:Creating package script '/home/robot/rg_ws/install/asm_node/share/asm_node/package.sh'
[1.867s] INFO:colcon.colcon_core.shell:Creating package script '/home/robot/rg_ws/install/asm_node/share/asm_node/package.bash'
[1.868s] INFO:colcon.colcon_core.shell:Creating package script '/home/robot/rg_ws/install/asm_node/share/asm_node/package.zsh'
[1.869s] Level 1:colcon.colcon_core.environment:create_file_with_runtime_dependencies(/home/robot/rg_ws/install/asm_node/share/colcon-core/packages/asm_node)
[1.871s] Level 1:colcon.colcon_core.environment:checking '/home/robot/rg_ws/install/asm_description' for CMake module files
[1.872s] DEBUG:colcon.colcon_core.event_handler.log_command:Invoked command in '/home/robot/rg_ws/src/asm_description' returned '0': PYTHONPATH=/home/robot/rg_ws/build/asm_description/prefix_override:/home/robot/rg_ws/install/asm_description/lib/python3.10/site-packages:${PYTHONPATH} /usr/bin/python3 -W ignore:setup.py install is deprecated setup.py egg_info --egg-base ../../build/asm_description build --build-base /home/robot/rg_ws/build/asm_description/build install --record /home/robot/rg_ws/build/asm_description/install.log --single-version-externally-managed install_data
[1.872s] Level 1:colcon.colcon_core.environment:checking '/home/robot/rg_ws/install/asm_description' for CMake config files
[1.873s] Level 1:colcon.colcon_core.environment:checking '/home/robot/rg_ws/install/asm_description/lib'
[1.873s] Level 1:colcon.colcon_core.environment:checking '/home/robot/rg_ws/install/asm_description/bin'
[1.873s] Level 1:colcon.colcon_core.environment:checking '/home/robot/rg_ws/install/asm_description/lib/pkgconfig/asm_description.pc'
[1.873s] Level 1:colcon.colcon_core.environment:checking '/home/robot/rg_ws/install/asm_description/lib/python3.10/site-packages'
[1.874s] Level 1:colcon.colcon_core.shell:create_environment_hook('asm_description', 'pythonpath')
[1.874s] INFO:colcon.colcon_core.shell:Creating environment hook '/home/robot/rg_ws/install/asm_description/share/asm_description/hook/pythonpath.ps1'
[1.875s] INFO:colcon.colcon_core.shell:Creating environment descriptor '/home/robot/rg_ws/install/asm_description/share/asm_description/hook/pythonpath.dsv'
[1.875s] INFO:colcon.colcon_core.shell:Creating environment hook '/home/robot/rg_ws/install/asm_description/share/asm_description/hook/pythonpath.sh'
[1.876s] Level 1:colcon.colcon_core.environment:checking '/home/robot/rg_ws/install/asm_description/bin'
[1.876s] Level 1:colcon.colcon_core.environment:create_environment_scripts_only(asm_description)
[1.876s] INFO:colcon.colcon_core.shell:Creating package script '/home/robot/rg_ws/install/asm_description/share/asm_description/package.ps1'
[1.877s] INFO:colcon.colcon_core.shell:Creating package descriptor '/home/robot/rg_ws/install/asm_description/share/asm_description/package.dsv'
[1.877s] INFO:colcon.colcon_core.shell:Creating package script '/home/robot/rg_ws/install/asm_description/share/asm_description/package.sh'
[1.878s] INFO:colcon.colcon_core.shell:Creating package script '/home/robot/rg_ws/install/asm_description/share/asm_description/package.bash'
[1.879s] INFO:colcon.colcon_core.shell:Creating package script '/home/robot/rg_ws/install/asm_description/share/asm_description/package.zsh'
[1.879s] Level 1:colcon.colcon_core.environment:create_file_with_runtime_dependencies(/home/robot/rg_ws/install/asm_description/share/colcon-core/packages/asm_description)
[1.879s] INFO:colcon.colcon_ros.task.ament_python.build:Building ROS package in '/home/robot/rg_ws/src/asm_gazebo' with build type 'ament_python'
[1.880s] Level 1:colcon.colcon_core.shell:create_environment_hook('asm_gazebo', 'ament_prefix_path')
[1.880s] INFO:colcon.colcon_core.shell:Creating environment hook '/home/robot/rg_ws/install/asm_gazebo/share/asm_gazebo/hook/ament_prefix_path.ps1'
[1.881s] INFO:colcon.colcon_core.shell:Creating environment descriptor '/home/robot/rg_ws/install/asm_gazebo/share/asm_gazebo/hook/ament_prefix_path.dsv'
[1.882s] INFO:colcon.colcon_core.shell:Creating environment hook '/home/robot/rg_ws/install/asm_gazebo/share/asm_gazebo/hook/ament_prefix_path.sh'
[1.883s] INFO:colcon.colcon_core.shell:Skip shell extension 'powershell' for command environment: Not usable outside of PowerShell
[1.883s] DEBUG:colcon.colcon_core.shell:Skip shell extension 'dsv' for command environment
[2.224s] INFO:colcon.colcon_core.task.python.build:Building Python package in '/home/robot/rg_ws/src/asm_gazebo'
[2.225s] INFO:colcon.colcon_core.shell:Skip shell extension 'powershell' for command environment: Not usable outside of PowerShell
[2.225s] DEBUG:colcon.colcon_core.shell:Skip shell extension 'dsv' for command environment
[2.631s] DEBUG:colcon.colcon_core.event_handler.log_command:Invoking command in '/home/robot/rg_ws/src/asm_gazebo': AMENT_PREFIX_PATH=/home/robot/rg_ws/install/asm_description:/home/robot/rg_ws/install/asm_node:/home/robot/rg_ws/install/asm_bringup:/home/robot/rg_ws/install/asm_gazebo:/opt/ros/humble PYTHONPATH=/home/robot/rg_ws/build/asm_gazebo/prefix_override:/home/robot/rg_ws/install/asm_gazebo/lib/python3.10/site-packages:/home/robot/rg_ws/install/asm_description/lib/python3.10/site-packages:/home/robot/rg_ws/install/asm_node/lib/python3.10/site-packages:/home/robot/rg_ws/install/asm_bringup/lib/python3.10/site-packages:/home/robot/rg_ws/install/asm_gazebo/lib/python3.10/site-packages:/opt/ros/humble/lib/python3.10/site-packages:/opt/ros/humble/local/lib/python3.10/dist-packages /usr/bin/python3 -W ignore:setup.py install is deprecated setup.py egg_info --egg-base ../../build/asm_gazebo build --build-base /home/robot/rg_ws/build/asm_gazebo/build install --record /home/robot/rg_ws/build/asm_gazebo/install.log --single-version-externally-managed install_data
[2.987s] Level 1:colcon.colcon_core.environment:checking '/home/robot/rg_ws/install/asm_gazebo' for CMake module files
[2.988s] DEBUG:colcon.colcon_core.event_handler.log_command:Invoked command in '/home/robot/rg_ws/src/asm_gazebo' returned '0': AMENT_PREFIX_PATH=/home/robot/rg_ws/install/asm_description:/home/robot/rg_ws/install/asm_node:/home/robot/rg_ws/install/asm_bringup:/home/robot/rg_ws/install/asm_gazebo:/opt/ros/humble PYTHONPATH=/home/robot/rg_ws/build/asm_gazebo/prefix_override:/home/robot/rg_ws/install/asm_gazebo/lib/python3.10/site-packages:/home/robot/rg_ws/install/asm_description/lib/python3.10/site-packages:/home/robot/rg_ws/install/asm_node/lib/python3.10/site-packages:/home/robot/rg_ws/install/asm_bringup/lib/python3.10/site-packages:/home/robot/rg_ws/install/asm_gazebo/lib/python3.10/site-packages:/opt/ros/humble/lib/python3.10/site-packages:/opt/ros/humble/local/lib/python3.10/dist-packages /usr/bin/python3 -W ignore:setup.py install is deprecated setup.py egg_info --egg-base ../../build/asm_gazebo build --build-base /home/robot/rg_ws/build/asm_gazebo/build install --record /home/robot/rg_ws/build/asm_gazebo/install.log --single-version-externally-managed install_data
[2.989s] Level 1:colcon.colcon_core.environment:checking '/home/robot/rg_ws/install/asm_gazebo' for CMake config files
[2.989s] Level 1:colcon.colcon_core.environment:checking '/home/robot/rg_ws/install/asm_gazebo/lib'
[2.989s] Level 1:colcon.colcon_core.environment:checking '/home/robot/rg_ws/install/asm_gazebo/bin'
[2.989s] Level 1:colcon.colcon_core.environment:checking '/home/robot/rg_ws/install/asm_gazebo/lib/pkgconfig/asm_gazebo.pc'
[2.990s] Level 1:colcon.colcon_core.environment:checking '/home/robot/rg_ws/install/asm_gazebo/lib/python3.10/site-packages'
[2.990s] Level 1:colcon.colcon_core.shell:create_environment_hook('asm_gazebo', 'pythonpath')
[2.990s] INFO:colcon.colcon_core.shell:Creating environment hook '/home/robot/rg_ws/install/asm_gazebo/share/asm_gazebo/hook/pythonpath.ps1'
[2.990s] INFO:colcon.colcon_core.shell:Creating environment descriptor '/home/robot/rg_ws/install/asm_gazebo/share/asm_gazebo/hook/pythonpath.dsv'
[2.991s] INFO:colcon.colcon_core.shell:Creating environment hook '/home/robot/rg_ws/install/asm_gazebo/share/asm_gazebo/hook/pythonpath.sh'
[2.992s] Level 1:colcon.colcon_core.environment:checking '/home/robot/rg_ws/install/asm_gazebo/bin'
[2.992s] Level 1:colcon.colcon_core.environment:create_environment_scripts_only(asm_gazebo)
[2.992s] INFO:colcon.colcon_core.shell:Creating package script '/home/robot/rg_ws/install/asm_gazebo/share/asm_gazebo/package.ps1'
[2.993s] INFO:colcon.colcon_core.shell:Creating package descriptor '/home/robot/rg_ws/install/asm_gazebo/share/asm_gazebo/package.dsv'
[2.993s] INFO:colcon.colcon_core.shell:Creating package script '/home/robot/rg_ws/install/asm_gazebo/share/asm_gazebo/package.sh'
[2.994s] INFO:colcon.colcon_core.shell:Creating package script '/home/robot/rg_ws/install/asm_gazebo/share/asm_gazebo/package.bash'
[2.994s] INFO:colcon.colcon_core.shell:Creating package script '/home/robot/rg_ws/install/asm_gazebo/share/asm_gazebo/package.zsh'
[2.995s] Level 1:colcon.colcon_core.environment:create_file_with_runtime_dependencies(/home/robot/rg_ws/install/asm_gazebo/share/colcon-core/packages/asm_gazebo)
[2.995s] INFO:colcon.colcon_ros.task.ament_python.build:Building ROS package in '/home/robot/rg_ws/src/asm_bringup' with build type 'ament_python'
[2.995s] Level 1:colcon.colcon_core.shell:create_environment_hook('asm_bringup', 'ament_prefix_path')
[2.996s] INFO:colcon.colcon_core.shell:Creating environment hook '/home/robot/rg_ws/install/asm_bringup/share/asm_bringup/hook/ament_prefix_path.ps1'
[2.997s] INFO:colcon.colcon_core.shell:Creating environment descriptor '/home/robot/rg_ws/install/asm_bringup/share/asm_bringup/hook/ament_prefix_path.dsv'
[2.998s] INFO:colcon.colcon_core.shell:Creating environment hook '/home/robot/rg_ws/install/asm_bringup/share/asm_bringup/hook/ament_prefix_path.sh'
[2.998s] INFO:colcon.colcon_core.shell:Skip shell extension 'powershell' for command environment: Not usable outside of PowerShell
[2.999s] DEBUG:colcon.colcon_core.shell:Skip shell extension 'dsv' for command environment
[3.324s] INFO:colcon.colcon_core.task.python.build:Building Python package in '/home/robot/rg_ws/src/asm_bringup'
[3.325s] INFO:colcon.colcon_core.shell:Skip shell extension 'powershell' for command environment: Not usable outside of PowerShell
[3.325s] DEBUG:colcon.colcon_core.shell:Skip shell extension 'dsv' for command environment
[3.721s] DEBUG:colcon.colcon_core.event_handler.log_command:Invoking command in '/home/robot/rg_ws/src/asm_bringup': AMENT_PREFIX_PATH=/home/robot/rg_ws/install/asm_gazebo:/home/robot/rg_ws/install/asm_description:/home/robot/rg_ws/install/asm_node:/home/robot/rg_ws/install/asm_bringup:/opt/ros/humble PYTHONPATH=/home/robot/rg_ws/build/asm_bringup/prefix_override:/home/robot/rg_ws/install/asm_bringup/lib/python3.10/site-packages:/home/robot/rg_ws/install/asm_gazebo/lib/python3.10/site-packages:/home/robot/rg_ws/install/asm_description/lib/python3.10/site-packages:/home/robot/rg_ws/install/asm_node/lib/python3.10/site-packages:/home/robot/rg_ws/install/asm_bringup/lib/python3.10/site-packages:/opt/ros/humble/lib/python3.10/site-packages:/opt/ros/humble/local/lib/python3.10/dist-packages /usr/bin/python3 -W ignore:setup.py install is deprecated setup.py egg_info --egg-base ../../build/asm_bringup build --build-base /home/robot/rg_ws/build/asm_bringup/build install --record /home/robot/rg_ws/build/asm_bringup/install.log --single-version-externally-managed install_data
[4.069s] Level 1:colcon.colcon_core.environment:checking '/home/robot/rg_ws/install/asm_bringup' for CMake module files
[4.070s] DEBUG:colcon.colcon_core.event_handler.log_command:Invoked command in '/home/robot/rg_ws/src/asm_bringup' returned '0': AMENT_PREFIX_PATH=/home/robot/rg_ws/install/asm_gazebo:/home/robot/rg_ws/install/asm_description:/home/robot/rg_ws/install/asm_node:/home/robot/rg_ws/install/asm_bringup:/opt/ros/humble PYTHONPATH=/home/robot/rg_ws/build/asm_bringup/prefix_override:/home/robot/rg_ws/install/asm_bringup/lib/python3.10/site-packages:/home/robot/rg_ws/install/asm_gazebo/lib/python3.10/site-packages:/home/robot/rg_ws/install/asm_description/lib/python3.10/site-packages:/home/robot/rg_ws/install/asm_node/lib/python3.10/site-packages:/home/robot/rg_ws/install/asm_bringup/lib/python3.10/site-packages:/opt/ros/humble/lib/python3.10/site-packages:/opt/ros/humble/local/lib/python3.10/dist-packages /usr/bin/python3 -W ignore:setup.py install is deprecated setup.py egg_info --egg-base ../../build/asm_bringup build --build-base /home/robot/rg_ws/build/asm_bringup/build install --record /home/robot/rg_ws/build/asm_bringup/install.log --single-version-externally-managed install_data
[4.073s] Level 1:colcon.colcon_core.environment:checking '/home/robot/rg_ws/install/asm_bringup' for CMake config files
[4.074s] Level 1:colcon.colcon_core.environment:checking '/home/robot/rg_ws/install/asm_bringup/lib'
[4.074s] Level 1:colcon.colcon_core.environment:checking '/home/robot/rg_ws/install/asm_bringup/bin'
[4.074s] Level 1:colcon.colcon_core.environment:checking '/home/robot/rg_ws/install/asm_bringup/lib/pkgconfig/asm_bringup.pc'
[4.074s] Level 1:colcon.colcon_core.environment:checking '/home/robot/rg_ws/install/asm_bringup/lib/python3.10/site-packages'
[4.074s] Level 1:colcon.colcon_core.shell:create_environment_hook('asm_bringup', 'pythonpath')
[4.075s] INFO:colcon.colcon_core.shell:Creating environment hook '/home/robot/rg_ws/install/asm_bringup/share/asm_bringup/hook/pythonpath.ps1'
[4.075s] INFO:colcon.colcon_core.shell:Creating environment descriptor '/home/robot/rg_ws/install/asm_bringup/share/asm_bringup/hook/pythonpath.dsv'
[4.076s] INFO:colcon.colcon_core.shell:Creating environment hook '/home/robot/rg_ws/install/asm_bringup/share/asm_bringup/hook/pythonpath.sh'
[4.077s] Level 1:colcon.colcon_core.environment:checking '/home/robot/rg_ws/install/asm_bringup/bin'
[4.077s] Level 1:colcon.colcon_core.environment:create_environment_scripts_only(asm_bringup)
[4.077s] INFO:colcon.colcon_core.shell:Creating package script '/home/robot/rg_ws/install/asm_bringup/share/asm_bringup/package.ps1'
[4.078s] INFO:colcon.colcon_core.shell:Creating package descriptor '/home/robot/rg_ws/install/asm_bringup/share/asm_bringup/package.dsv'
[4.079s] INFO:colcon.colcon_core.shell:Creating package script '/home/robot/rg_ws/install/asm_bringup/share/asm_bringup/package.sh'
[4.079s] INFO:colcon.colcon_core.shell:Creating package script '/home/robot/rg_ws/install/asm_bringup/share/asm_bringup/package.bash'
[4.080s] INFO:colcon.colcon_core.shell:Creating package script '/home/robot/rg_ws/install/asm_bringup/share/asm_bringup/package.zsh'
[4.080s] Level 1:colcon.colcon_core.environment:create_file_with_runtime_dependencies(/home/robot/rg_ws/install/asm_bringup/share/colcon-core/packages/asm_bringup)
[4.081s] DEBUG:colcon.colcon_parallel_executor.executor.parallel:closing loop
[4.081s] DEBUG:colcon.colcon_parallel_executor.executor.parallel:loop closed
[4.081s] DEBUG:colcon.colcon_parallel_executor.executor.parallel:run_until_complete finished with '0'
[4.081s] DEBUG:colcon.colcon_core.event_reactor:joining thread
[4.087s] INFO:colcon.colcon_core.plugin_system:Skipping extension 'colcon_notification.desktop_notification.terminal_notifier': Not used on non-Darwin systems
[4.088s] INFO:colcon.colcon_core.plugin_system:Skipping extension 'colcon_notification.desktop_notification.win32': Not used on non-Windows systems
[4.088s] INFO:colcon.colcon_notification.desktop_notification:Sending desktop notification using 'notify2'
[4.105s] DEBUG:colcon.colcon_core.event_reactor:joined thread
[4.105s] INFO:colcon.colcon_core.shell:Creating prefix script '/home/robot/rg_ws/install/local_setup.ps1'
[4.106s] INFO:colcon.colcon_core.shell:Creating prefix util module '/home/robot/rg_ws/install/_local_setup_util_ps1.py'
[4.108s] INFO:colcon.colcon_core.shell:Creating prefix chain script '/home/robot/rg_ws/install/setup.ps1'
[4.109s] INFO:colcon.colcon_core.shell:Creating prefix script '/home/robot/rg_ws/install/local_setup.sh'
[4.110s] INFO:colcon.colcon_core.shell:Creating prefix util module '/home/robot/rg_ws/install/_local_setup_util_sh.py'
[4.111s] INFO:colcon.colcon_core.shell:Creating prefix chain script '/home/robot/rg_ws/install/setup.sh'
[4.112s] INFO:colcon.colcon_core.shell:Creating prefix script '/home/robot/rg_ws/install/local_setup.bash'
[4.113s] INFO:colcon.colcon_core.shell:Creating prefix chain script '/home/robot/rg_ws/install/setup.bash'
[4.114s] INFO:colcon.colcon_core.shell:Creating prefix script '/home/robot/rg_ws/install/local_setup.zsh'
[4.115s] INFO:colcon.colcon_core.shell:Creating prefix chain script '/home/robot/rg_ws/install/setup.zsh'
